==> Сборка пакета yay-bin 12.5.7-1 (Вс 28 дек 2025 13:50:37)
==> Проверка зависимостей для запуска...
==> Проверка зависимостей для сборки...
==> Получение исходных файлов...
  -> Загрузка yay_12.5.7_x86_64.tar.gz...
  % Total    % Received % Xferd  Average Speed   Time    Time     Time  Current
                                 Dload  Upload   Total   Spent    Left  Speed
  0     0   0     0   0     0     0     0  --:--:-- --:--:-- --:--:--     0  0     0   0     0   0     0     0     0  --:--:-- --:--:-- --:--:--     0  0     0   0     0   0     0     0     0  --:--:-- --:--:-- --:--:--     0
 67  4055k  67  2719k   0     0  2356k     0   0:00:01  0:00:01 --:--:--  2356k100  4055k 100  4055k   0     0  3422k     0   0:00:01  0:00:01 --:--:-- 43112k
==> Проверка файлов source_x86_64 с использованием sha256sums...
    yay_12.5.7_x86_64.tar.gz ... Готово
==> Распаковка исходных файлов...
  -> Распаковка 'yay_12.5.7_x86_64.tar.gz' с помощью bsdtar
==> Вход в окружение fakeroot...
==> Запускается package()...
==> Очистка...
  -> Удаление файлов libtool...
  -> Удаление статических библиотек...
  -> Удаление ненужных файлов...
  -> Удаление отладочной информации из бинарников и библиотек...
  -> Сжатие документации (man и info)...
==> Проверка сборки на ошибки...
==> Создание пакета "yay-bin"...
  -> Создание файла '.PKGINFO'...
  -> Создание файла '.BUILDINFO'...
  -> Создание файла '.MTREE'...
  -> Сжатие пакета...
==> Создание пакета "yay-bin-debug"...
  -> Создание файла '.PKGINFO'...
  -> Создание файла '.BUILDINFO'...
  -> Создание файла '.MTREE'...
  -> Сжатие пакета...
==> Выход из окружения fakeroot.
==> Завершена сборка пакета yay-bin 12.5.7-1 (Вс 28 дек 2025 13:50:42)
==> Установка пакета 'yay-bin' с помощью 'pacman -U'...
загрузка пакетов...
разрешение зависимостей...
проверка конфликтов...

Пакет (2)      Новая версия  Изменение размера

yay-bin        12.5.7-1              10,33 MiB
yay-bin-debug  12.5.7-1               0,74 MiB

Будет установлено:  11,07 MiB

:: Приступить к установке? [Y/n] 
проверка связки ключей...
проверка целостности пакета...
загрузка файлов пакетов...
проверка возможных конфликтов файлов...
проверка доступного места...
:: Обработка изменений пакета...
установка yay-bin...
Дополнительные зависимости для 'yay-bin'
    sudo: privilege elevation [установлено]
    doas: privilege elevation
установка yay-bin-debug...
:: Запуск post-transaction hooks...
(1/1) Arming ConditionNeedsUpdate...
