Sync Explicit (1): thunar-4.20.6-1
разрешение зависимостей...
проверка конфликтов...

Пакет (7)           Новая версия  Изменение размера  Размер загрузки

extra/exo           4.20.0-2               2,21 MiB         0,32 MiB
extra/libexif       0.6.25-1               2,88 MiB         0,48 MiB
extra/libnotify     0.8.7-2                0,16 MiB         0,04 MiB
extra/libxfce4ui    4.20.2-1               2,21 MiB         0,38 MiB
extra/libxfce4util  4.20.1-1               1,06 MiB         0,14 MiB
extra/xfconf        4.20.0-2               1,09 MiB         0,18 MiB
extra/thunar        4.20.6-1               9,34 MiB         1,52 MiB

Будет загружено:     3,06 MiB
Будет установлено:  18,96 MiB

:: Приступить к установке? [Y/n] 
:: Получение пакетов...
 thunar-4.20.6-1-x86_64 downloading...
 libexif-0.6.25-1-x86_64 downloading...
 libxfce4ui-4.20.2-1-x86_64 downloading...
 exo-4.20.0-2-x86_64 downloading...
 xfconf-4.20.0-2-x86_64 downloading...
 libxfce4util-4.20.1-1-x86_64 downloading...
 libnotify-0.8.7-2-x86_64 downloading...
проверка связки ключей...
проверка целостности пакета...
загрузка файлов пакетов...
проверка возможных конфликтов файлов...
проверка доступного места...
:: Обработка изменений пакета...
установка libexif...
установка libnotify...
установка libxfce4util...
установка xfconf...
установка libxfce4ui...
установка exo...
установка thunar...
Дополнительные зависимости для 'thunar'
    catfish: file searching
    gvfs: trash support, mounting with udisk and remote filesystems [установлено]
    tumbler: thumbnail previews
    thunar-volman: removable device management
    thunar-archive-plugin: archive creation and extraction
    thunar-media-tags-plugin: view/edit ID3/OGG tags
:: Запуск post-transaction hooks...
(1/5) Reloading user manager configuration...
(2/5) Arming ConditionNeedsUpdate...
(3/5) Updating GIO module cache...
(4/5) Updating icon theme caches...
(5/5) Updating the desktop file MIME type cache...
Sync Explicit (1): thunar-volman-4.20.0-2
разрешение зависимостей...
проверка конфликтов...

Пакет (1)            Новая версия  Изменение размера  Размер загрузки

extra/thunar-volman  4.20.0-2               0,66 MiB         0,13 MiB

Будет загружено:    0,13 MiB
Будет установлено:  0,66 MiB

:: Приступить к установке? [Y/n] 
:: Получение пакетов...
 thunar-volman-4.20.0-2-x86_64 downloading...
проверка связки ключей...
проверка целостности пакета...
загрузка файлов пакетов...
проверка возможных конфликтов файлов...
проверка доступного места...
:: Обработка изменений пакета...
установка thunar-volman...
:: Запуск post-transaction hooks...
(1/3) Arming ConditionNeedsUpdate...
(2/3) Updating icon theme caches...
(3/3) Updating the desktop file MIME type cache...
Sync Explicit (1): tumbler-4.20.1-1
разрешение зависимостей...
проверка конфликтов...

Пакет (1)      Новая версия  Изменение размера  Размер загрузки

extra/tumbler  4.20.1-1               0,86 MiB         0,16 MiB

Будет загружено:    0,16 MiB
Будет установлено:  0,86 MiB

:: Приступить к установке? [Y/n] 
:: Получение пакетов...
 tumbler-4.20.1-1-x86_64 downloading...
проверка связки ключей...
проверка целостности пакета...
загрузка файлов пакетов...
проверка возможных конфликтов файлов...
проверка доступного места...
:: Обработка изменений пакета...
установка tumbler...
Дополнительные зависимости для 'tumbler'
    ffmpegthumbnailer: video thumbnails
    poppler-glib: PDF thumbnails
    libgsf: ODF thumbnails
    libgepub: EPUB thumbnails
    libopenraw: RAW thumbnails
    freetype2: font thumbnails [установлено]
:: Запуск post-transaction hooks...
(1/3) Reloading user manager configuration...
(2/3) Arming ConditionNeedsUpdate...
(3/3) Updating icon theme caches...
Sync Explicit (1): ffmpegthumbnailer-2.3.0-1
разрешение зависимостей...
проверка конфликтов...

Пакет (1)                Новая версия  Изменение размера  Размер загрузки

extra/ffmpegthumbnailer  2.3.0-1                0,27 MiB         0,09 MiB

Будет загружено:    0,09 MiB
Будет установлено:  0,27 MiB

:: Приступить к установке? [Y/n] 
:: Получение пакетов...
 ffmpegthumbnailer-2.3.0-1-x86_64 downloading...
проверка связки ключей...
проверка целостности пакета...
загрузка файлов пакетов...
проверка возможных конфликтов файлов...
проверка доступного места...
:: Обработка изменений пакета...
установка ffmpegthumbnailer...
Дополнительные зависимости для 'ffmpegthumbnailer'
    gvfs: support for gio uris [установлено]
:: Запуск post-transaction hooks...
(1/1) Arming ConditionNeedsUpdate...
Sync Explicit (1): thunar-archive-plugin-0.6.0-1
разрешение зависимостей...
проверка конфликтов...

Пакет (1)                    Новая версия  Изменение размера  Размер загрузки

extra/thunar-archive-plugin  0.6.0-1                0,17 MiB         0,04 MiB

Будет загружено:    0,04 MiB
Будет установлено:  0,17 MiB

:: Приступить к установке? [Y/n] 
:: Получение пакетов...
 thunar-archive-plugin-0.6.0-1-x86_64 downloading...
проверка связки ключей...
проверка целостности пакета...
загрузка файлов пакетов...
проверка возможных конфликтов файлов...
проверка доступного места...
:: Обработка изменений пакета...
установка thunar-archive-plugin...
Дополнительные зависимости для 'thunar-archive-plugin'
    file-roller
    engrampa
    ark [установлено]
    xarchiver
:: Запуск post-transaction hooks...
(1/2) Arming ConditionNeedsUpdate...
(2/2) Updating icon theme caches...
Sync Explicit (1): xarchiver-0.5.4.26-1
разрешение зависимостей...
проверка конфликтов...

Пакет (1)        Новая версия  Изменение размера  Размер загрузки

extra/xarchiver  0.5.4.26-1             1,59 MiB         0,51 MiB

Будет загружено:    0,51 MiB
Будет установлено:  1,59 MiB

:: Приступить к установке? [Y/n] 
:: Получение пакетов...
 xarchiver-0.5.4.26-1-x86_64 downloading...
проверка связки ключей...
проверка целостности пакета...
загрузка файлов пакетов...
проверка возможных конфликтов файлов...
проверка доступного места...
:: Обработка изменений пакета...
установка xarchiver...
Дополнительные зависимости для 'xarchiver'
    arj: ARJ support
    binutils: deb support [установлено]
    bzip2: bzip2 support [установлено]
    cpio: RPM support
    gzip: gzip support [установлено]
    lha: LHA support
    lrzip: lrzip support
    lz4: LZ4 support [установлено]
    lzip: lzip support
    lzop: LZOP support
    p7zip: 7z support
    tar: tar support [установлено]
    unarj: ARJ support
    unrar: RAR support
    unzip: ZIP support [установлено]
    xdg-utils: recognize more file types to open [установлено]
    xz: xz support [установлено]
    zip: ZIP support
    zstd: zstd support [установлено]
:: Запуск post-transaction hooks...
(1/3) Arming ConditionNeedsUpdate...
(2/3) Updating icon theme caches...
(3/3) Updating the desktop file MIME type cache...
[33m[NOTE](B[m Config for [33mgtk-3.0(B[m not found, copying from assets.
[33m[NOTE](B[m Config for [33mThunar(B[m not found, copying from assets.
[33m[NOTE](B[m Config for [33mxfce4(B[m not found, copying from assets.
