Sync Explicit (1): blueman-2.4.6-1
разрешение зависимостей...
проверка конфликтов...

Пакет (2)           Новая версия  Изменение размера  Размер загрузки

extra/python-cairo  1.29.0-1               0,43 MiB         0,09 MiB
extra/blueman       2.4.6-1                6,29 MiB         1,36 MiB

Будет загружено:    1,45 MiB
Будет установлено:  6,71 MiB

:: Приступить к установке? [Y/n] 
:: Получение пакетов...
 blueman-2.4.6-1-x86_64 downloading...
 python-cairo-1.29.0-1-x86_64 downloading...
проверка связки ключей...
проверка целостности пакета...
загрузка файлов пакетов...
проверка возможных конфликтов файлов...
проверка доступного места...
:: Обработка изменений пакета...
установка python-cairo...
установка blueman...
Дополнительные зависимости для 'blueman'
    dnsmasq: Network Access Point (NAP) support
    iproute2: Network Access Point (NAP) support [установлено]
    networkmanager: Dial Up Networking (DUN) and Personal Area Networking (PAN) support [установлено]
    pulseaudio-bluetooth: audio devices support
:: Запуск post-transaction hooks...
(1/7) Reloading system manager configuration...
(2/7) Reloading user manager configuration...
(3/7) Arming ConditionNeedsUpdate...
(4/7) Reloading system bus configuration...
(5/7) Compiling GSettings XML schema files...
(6/7) Updating icon theme caches...
(7/7) Updating the desktop file MIME type cache...
