AUR Explicit (1): pokemon-colorscripts-git-r112.0483c85b-2
:: [1m(1/1) Скачан PKGBUILD: pokemon-colorscripts-git[0m
  1 pokemon-colorscripts-git                 (файлы сборки существуют)
==> Пакеты, для которых требуется очистить кэш сборки?
==> [N]Нет [A]Все [Ab]Прервать [I]Установленные [No]Неустановленные или (1 2 3, 1-3, ^4)
==> 
  1 pokemon-colorscripts-git                 (файлы сборки существуют)
==> Показать изменения?
==> [N]Нет [A]Все [Ab]Прервать [I]Установленные [No]Неустановленные или (1 2 3, 1-3, ^4)
==> 
==> Сборка пакета pokemon-colorscripts-git r112.0483c85b-2 (Вс 28 дек 2025 14:00:07)
==> Получение исходных файлов...
  -> Клонирование репозитория 'pokemon-colorscripts' (git)...
Клонирование в голый репозиторий «/home/sudo/.cache/yay/pokemon-colorscripts-git/pokemon-colorscripts»...
==> ВНИМАНИЕ: Пропуск проверки PGP-подписей исходных файлов.
==> Проверка файлов source с использованием sha256sums...
    pokemon-colorscripts ... Пропущено
:: [1m(1/1) Анализ SRCINFO: pokemon-colorscripts-git[0m
==> Сборка пакета pokemon-colorscripts-git r112.0483c85b-2 (Вс 28 дек 2025 14:00:11)
==> Проверка зависимостей для запуска...
==> Проверка зависимостей для сборки...
==> Получение исходных файлов...
  -> Обновление репозитория 'pokemon-colorscripts' (git)...
==> Проверка файлов source с использованием sha256sums...
    pokemon-colorscripts ... Пропущено
==> Удаление директории '$srcdir/'...
==> Распаковка исходных файлов...
  -> Создание рабочей копии репозитория 'pokemon-colorscripts' (git)...
Клонирование в «pokemon-colorscripts»...
готово.
==> Запускается pkgver()...
==> Обновлённая версия: 'pokemon-colorscripts-git r114.5802ff67-1'
==> Исходные файлы готовы.
==> Сборка пакета pokemon-colorscripts-git r114.5802ff67-1 (Вс 28 дек 2025 14:00:14)
==> Проверка зависимостей для запуска...
==> Проверка зависимостей для сборки...
==> ВНИМАНИЕ: Использование существующего дерева исходных файлов в '$srcdir/'
==> Запускается pkgver()...
==> Вход в окружение fakeroot...
==> Запускается package()...
==> Очистка...
  -> Удаление файлов libtool...
  -> Удаление статических библиотек...
  -> Удаление ненужных файлов...
  -> Удаление отладочной информации из бинарников и библиотек...
  -> Сжатие документации (man и info)...
==> Проверка сборки на ошибки...
==> Создание пакета "pokemon-colorscripts-git"...
  -> Создание файла '.PKGINFO'...
  -> Создание файла '.BUILDINFO'...
  -> Создание файла '.MTREE'...
  -> Сжатие пакета...
==> Выход из окружения fakeroot.
==> Завершена сборка пакета pokemon-colorscripts-git r114.5802ff67-1 (Вс 28 дек 2025 14:00:47)
==> Очистка...
загрузка пакетов...
разрешение зависимостей...
проверка конфликтов...

Пакет (1)                 Новая версия     Изменение размера

pokemon-colorscripts-git  r114.5802ff67-1          42,39 MiB

Будет установлено:  42,39 MiB

:: Приступить к установке? [Y/n] 
проверка связки ключей...
проверка целостности пакета...
загрузка файлов пакетов...
проверка возможных конфликтов файлов...
проверка доступного места...
:: Обработка изменений пакета...
установка pokemon-colorscripts-git...
:: Запуск post-transaction hooks...
(1/1) Arming ConditionNeedsUpdate...
/home/sudo/.zshrc not found. Cant enable [33mPokemon color scripts(B[m
