Sync Explicit (1): adobe-source-code-pro-fonts-2.042u+1.062i+1.026vf-2
разрешение зависимостей...
проверка конфликтов...

Пакет (1)                          Новая версия             Изменение размера  Размер загрузки

extra/adobe-source-code-pro-fonts  2.042u+1.062i+1.026vf-2           1,86 MiB         0,91 MiB

Будет загружено:    0,91 MiB
Будет установлено:  1,86 MiB

:: Приступить к установке? [Y/n] 
:: Получение пакетов...
 adobe-source-code-pro-fonts-2.042u+1.062i+1.026vf-2-any downloading...
проверка связки ключей...
проверка целостности пакета...
загрузка файлов пакетов...
проверка возможных конфликтов файлов...
проверка доступного места...
:: Обработка изменений пакета...
установка adobe-source-code-pro-fonts...
:: Запуск post-transaction hooks...
(1/2) Arming ConditionNeedsUpdate...
(2/2) Updating fontconfig cache...
Sync Explicit (1): noto-fonts-emoji-1:2.051-1
разрешение зависимостей...
проверка конфликтов...

Пакет (1)               Новая версия  Изменение размера  Размер загрузки

extra/noto-fonts-emoji  1:2.051-1             10,18 MiB         9,18 MiB

Будет загружено:     9,18 MiB
Будет установлено:  10,18 MiB

:: Приступить к установке? [Y/n] 
:: Получение пакетов...
 noto-fonts-emoji-1:2.051-1-any downloading...
проверка связки ключей...
проверка целостности пакета...
загрузка файлов пакетов...
проверка возможных конфликтов файлов...
проверка доступного места...
:: Обработка изменений пакета...
установка noto-fonts-emoji...
:: Запуск post-transaction hooks...
(1/2) Arming ConditionNeedsUpdate...
(2/2) Updating fontconfig cache...
Sync Explicit (1): otf-font-awesome-7.1.0-1
разрешение зависимостей...
проверка конфликтов...

Пакет (1)               Новая версия  Изменение размера  Размер загрузки

extra/otf-font-awesome  7.1.0-1                0,67 MiB         0,29 MiB

Будет загружено:    0,29 MiB
Будет установлено:  0,67 MiB

:: Приступить к установке? [Y/n] 
:: Получение пакетов...
 otf-font-awesome-7.1.0-1-any downloading...
проверка связки ключей...
проверка целостности пакета...
загрузка файлов пакетов...
проверка возможных конфликтов файлов...
проверка доступного места...
:: Обработка изменений пакета...
установка otf-font-awesome...
:: Запуск post-transaction hooks...
(1/2) Arming ConditionNeedsUpdate...
(2/2) Updating fontconfig cache...
Sync Explicit (1): ttf-droid-20121017-11
разрешение зависимостей...
проверка конфликтов...

Пакет (1)        Новая версия  Изменение размера  Размер загрузки

extra/ttf-droid  20121017-11           15,31 MiB         3,93 MiB

Будет загружено:     3,93 MiB
Будет установлено:  15,31 MiB

:: Приступить к установке? [Y/n] 
:: Получение пакетов...
 ttf-droid-20121017-11-any downloading...
проверка связки ключей...
проверка целостности пакета...
загрузка файлов пакетов...
проверка возможных конфликтов файлов...
проверка доступного места...
:: Обработка изменений пакета...
установка ttf-droid...
:: Запуск post-transaction hooks...
(1/3) Arming ConditionNeedsUpdate...
(2/3) Updating fontconfig configuration...
(3/3) Updating fontconfig cache...
Sync Explicit (1): ttf-fira-code-6.2-2
разрешение зависимостей...
проверка конфликтов...

Пакет (1)            Новая версия  Изменение размера  Размер загрузки

extra/ttf-fira-code  6.2-2                  1,69 MiB         0,41 MiB

Будет загружено:    0,41 MiB
Будет установлено:  1,69 MiB

:: Приступить к установке? [Y/n] 
:: Получение пакетов...
 ttf-fira-code-6.2-2-any downloading...
проверка связки ключей...
проверка целостности пакета...
загрузка файлов пакетов...
проверка возможных конфликтов файлов...
проверка доступного места...
:: Обработка изменений пакета...
установка ttf-fira-code...
:: Запуск post-transaction hooks...
(1/2) Arming ConditionNeedsUpdate...
(2/2) Updating fontconfig cache...
Sync Explicit (1): ttf-fantasque-nerd-3.4.0-1
разрешение зависимостей...
проверка конфликтов...

Пакет (1)                 Новая версия  Изменение размера  Размер загрузки

extra/ttf-fantasque-nerd  3.4.0-1               29,01 MiB         2,68 MiB

Будет загружено:     2,68 MiB
Будет установлено:  29,01 MiB

:: Приступить к установке? [Y/n] 
:: Получение пакетов...
 ttf-fantasque-nerd-3.4.0-1-any downloading...
проверка связки ключей...
проверка целостности пакета...
загрузка файлов пакетов...
проверка возможных конфликтов файлов...
проверка доступного места...
:: Обработка изменений пакета...
установка ttf-fantasque-nerd...
:: Запуск post-transaction hooks...
(1/2) Arming ConditionNeedsUpdate...
(2/2) Updating fontconfig cache...
Sync Explicit (1): ttf-jetbrains-mono-2.304-2
разрешение зависимостей...
проверка конфликтов...

Пакет (1)                 Новая версия  Изменение размера  Размер загрузки

extra/ttf-jetbrains-mono  2.304-2                7,44 MiB         0,80 MiB

Будет загружено:    0,80 MiB
Будет установлено:  7,44 MiB

:: Приступить к установке? [Y/n] 
:: Получение пакетов...
 ttf-jetbrains-mono-2.304-2-any downloading...
проверка связки ключей...
проверка целостности пакета...
загрузка файлов пакетов...
проверка возможных конфликтов файлов...
проверка доступного места...
:: Обработка изменений пакета...
установка ttf-jetbrains-mono...
:: Запуск post-transaction hooks...
(1/2) Arming ConditionNeedsUpdate...
(2/2) Updating fontconfig cache...
Sync Explicit (1): ttf-jetbrains-mono-nerd-3.4.0-1
разрешение зависимостей...
проверка конфликтов...

Пакет (1)                      Новая версия  Изменение размера  Размер загрузки

extra/ttf-jetbrains-mono-nerd  3.4.0-1              222,51 MiB        10,48 MiB

Будет загружено:     10,48 MiB
Будет установлено:  222,51 MiB

:: Приступить к установке? [Y/n] 
:: Получение пакетов...
 ttf-jetbrains-mono-nerd-3.4.0-1-any downloading...
проверка связки ключей...
проверка целостности пакета...
загрузка файлов пакетов...
проверка возможных конфликтов файлов...
проверка доступного места...
:: Обработка изменений пакета...
установка ttf-jetbrains-mono-nerd...
:: Запуск post-transaction hooks...
(1/2) Arming ConditionNeedsUpdate...
(2/2) Updating fontconfig cache...
AUR Explicit (1): ttf-victor-mono-1.5.6-1
:: [1m(1/1) Скачан PKGBUILD: ttf-victor-mono[0m
  1 ttf-victor-mono                          (файлы сборки существуют)
==> Пакеты, для которых требуется очистить кэш сборки?
==> [N]Нет [A]Все [Ab]Прервать [I]Установленные [No]Неустановленные или (1 2 3, 1-3, ^4)
==> 
  1 ttf-victor-mono                          (файлы сборки существуют)
==> Показать изменения?
==> [N]Нет [A]Все [Ab]Прервать [I]Установленные [No]Неустановленные или (1 2 3, 1-3, ^4)
==> 
==> Сборка пакета ttf-victor-mono 1.5.6-1 (Вс 28 дек 2025 13:59:20)
==> Получение исходных файлов...
  -> Загрузка ttf-victor-mono-1.5.6.zip...
  % Total    % Received % Xferd  Average Speed   Time    Time     Time  Current
                                 Dload  Upload   Total   Spent    Left  Speed
  0     0   0     0   0     0     0     0  --:--:-- --:--:-- --:--:--     0  0     0   0     0   0     0     0     0  --:--:-- --:--:-- --:--:--     0  0     0   0     0   0     0     0     0  --:--:-- --:--:-- --:--:--     0
  5 24626k   5  1372k   0     0 954876     0   0:00:26  0:00:01  0:00:25 954876 37 24626k  37  9142k   0     0  3843k     0   0:00:06  0:00:02  0:00:04  8566k 66 24626k  66 16343k   0     0  4815k     0   0:00:05  0:00:03  0:00:02  7785k 95 24626k  95 23537k   0     0  5374k     0   0:00:04  0:00:04 --:--:--  7621k100 24626k 100 24626k   0     0  5444k     0   0:00:04  0:00:04 --:--:--  7621k
==> ВНИМАНИЕ: Пропуск проверки PGP-подписей исходных файлов.
==> Проверка файлов source с использованием sha256sums...
    ttf-victor-mono-1.5.6.zip ... Готово
:: [1m(1/1) Анализ SRCINFO: ttf-victor-mono[0m
==> Сборка пакета ttf-victor-mono 1.5.6-1 (Вс 28 дек 2025 13:59:26)
==> Проверка зависимостей для запуска...
==> Проверка зависимостей для сборки...
==> Получение исходных файлов...
  -> Найден ttf-victor-mono-1.5.6.zip
==> Проверка файлов source с использованием sha256sums...
    ttf-victor-mono-1.5.6.zip ... Готово
==> Удаление директории '$srcdir/'...
==> Распаковка исходных файлов...
  -> Распаковка 'ttf-victor-mono-1.5.6.zip' с помощью bsdtar
==> Запускается prepare()...
==> Исходные файлы готовы.
==> Сборка пакета ttf-victor-mono 1.5.6-1 (Вс 28 дек 2025 13:59:28)
==> Проверка зависимостей для запуска...
==> Проверка зависимостей для сборки...
==> ВНИМАНИЕ: Использование существующего дерева исходных файлов в '$srcdir/'
==> Вход в окружение fakeroot...
==> Запускается package()...
==> Очистка...
  -> Удаление файлов libtool...
  -> Удаление статических библиотек...
  -> Удаление ненужных файлов...
  -> Удаление отладочной информации из бинарников и библиотек...
  -> Сжатие документации (man и info)...
==> Проверка сборки на ошибки...
==> Создание пакета "ttf-victor-mono"...
  -> Создание файла '.PKGINFO'...
  -> Создание файла '.BUILDINFO'...
  -> Создание файла '.MTREE'...
  -> Сжатие пакета...
==> Выход из окружения fakeroot.
==> Завершена сборка пакета ttf-victor-mono 1.5.6-1 (Вс 28 дек 2025 13:59:30)
==> Очистка...
загрузка пакетов...
разрешение зависимостей...
проверка конфликтов...

Пакет (1)        Новая версия  Изменение размера

ttf-victor-mono  1.5.6-1                4,43 MiB

Будет установлено:  4,43 MiB

:: Приступить к установке? [Y/n] 
проверка связки ключей...
проверка целостности пакета...
загрузка файлов пакетов...
проверка возможных конфликтов файлов...
проверка доступного места...
:: Обработка изменений пакета...
установка ttf-victor-mono...
:: Запуск post-transaction hooks...
(1/2) Arming ConditionNeedsUpdate...
(2/2) Updating fontconfig cache...
Sync Explicit (1): noto-fonts-1:2025.12.01-2
разрешение зависимостей...
проверка конфликтов...

Пакет (1)         Новая версия    Изменение размера  Размер загрузки

extra/noto-fonts  1:2025.12.01-2         106,72 MiB        27,84 MiB

Будет загружено:     27,84 MiB
Будет установлено:  106,72 MiB

:: Приступить к установке? [Y/n] 
:: Получение пакетов...
 noto-fonts-1:2025.12.01-2-any downloading...
проверка связки ключей...
проверка целостности пакета...
загрузка файлов пакетов...
проверка возможных конфликтов файлов...
проверка доступного места...
:: Обработка изменений пакета...
установка noto-fonts...
Дополнительные зависимости для 'noto-fonts'
    noto-fonts-cjk: CJK characters
    noto-fonts-emoji: Emoji characters [установлено]
    noto-fonts-extra: additional variants (condensed, semi-bold, extra-light)
:: Запуск post-transaction hooks...
(1/3) Arming ConditionNeedsUpdate...
(2/3) Updating fontconfig configuration...
(3/3) Updating fontconfig cache...
