[34m[INFO](B[m Package aylurs-gtk-shell not installed, skipping.
[33m[NOTE](B[m removing dunst ...
проверка зависимостей...

Пакет (1)  Старая версия  Изменение размера

dunst      1.13.0-1               -0,28 MiB

Будет освобождено:  0,28 MiB

:: Удалить эти пакеты? [Y/n] 
:: Обработка изменений пакета...
удаление dunst...
:: Запуск post-transaction hooks...
(1/2) Reloading user manager configuration...
(2/2) Arming ConditionNeedsUpdate...
проверка зависимостей...

Пакет (1)  Старая версия  Изменение размера

dunst      1.13.0-1               -0,28 MiB

Будет освобождено:  0,28 MiB

:: Удалить эти пакеты? [Y/n] 
:: Обработка изменений пакета...
удаление dunst...
:: Запуск post-transaction hooks...
(1/2) Reloading user manager configuration...
(2/2) Arming ConditionNeedsUpdate...
[1A[K[32m[OK](B[m dunst removed.
[34m[INFO](B[m Package cachyos-hyprland-settings not installed, skipping.
[34m[INFO](B[m Package mako not installed, skipping.
[34m[INFO](B[m Package rofi not installed, skipping.
[34m[INFO](B[m Package wallust-git not installed, skipping.
[34m[INFO](B[m Package rofi-lbonn-wayland not installed, skipping.
[34m[INFO](B[m Package rofi-lbonn-wayland-git not installed, skipping.
Sync Explicit (1): bc-1.08.2-1
разрешение зависимостей...
проверка конфликтов...

Пакет (1)  Новая версия  Изменение размера  Размер загрузки

extra/bc   1.08.2-1               0,17 MiB         0,09 MiB

Будет загружено:    0,09 MiB
Будет установлено:  0,17 MiB

:: Приступить к установке? [Y/n] 
:: Получение пакетов...
 bc-1.08.2-1-x86_64 downloading...
проверка связки ключей...
проверка целостности пакета...
загрузка файлов пакетов...
проверка возможных конфликтов файлов...
проверка доступного места...
:: Обработка изменений пакета...
установка bc...
:: Запуск post-transaction hooks...
(1/2) Arming ConditionNeedsUpdate...
(2/2) Updating the info directory file...
Sync Explicit (1): cliphist-1:0.7.0-1
разрешение зависимостей...
проверка конфликтов...

Пакет (2)           Новая версия  Изменение размера  Размер загрузки

extra/wl-clipboard  1:2.2.1-3              0,10 MiB         0,03 MiB
extra/cliphist      1:0.7.0-1              2,31 MiB         0,87 MiB

Будет загружено:    0,90 MiB
Будет установлено:  2,41 MiB

:: Приступить к установке? [Y/n] 
:: Получение пакетов...
 cliphist-1:0.7.0-1-x86_64 downloading...
 wl-clipboard-1:2.2.1-3-x86_64 downloading...
проверка связки ключей...
проверка целостности пакета...
загрузка файлов пакетов...
проверка возможных конфликтов файлов...
проверка доступного места...
:: Обработка изменений пакета...
установка wl-clipboard...
Дополнительные зависимости для 'wl-clipboard'
    xdg-utils: for content type inference in wl-copy [установлено]
    mailcap: for type inference in wl-paste [установлено]
установка cliphist...
Дополнительные зависимости для 'cliphist'
    xdg-utils: image and mime inferance [установлено]
:: Запуск post-transaction hooks...
(1/1) Arming ConditionNeedsUpdate...
Sync Explicit (1): gvfs-1.58.0-2
разрешение зависимостей...
проверка конфликтов...

Пакет (3)               Новая версия  Изменение размера  Размер загрузки

extra/libcdio           2.3.0-1                0,88 MiB         0,25 MiB
extra/libcdio-paranoia  10.2+2.0.2-1           0,16 MiB         0,06 MiB
extra/gvfs              1.58.0-2               5,10 MiB         0,93 MiB

Будет загружено:    1,24 MiB
Будет установлено:  6,14 MiB

:: Приступить к установке? [Y/n] 
:: Получение пакетов...
 gvfs-1.58.0-2-x86_64 downloading...
 libcdio-2.3.0-1-x86_64 downloading...
 libcdio-paranoia-10.2+2.0.2-1-x86_64 downloading...
проверка связки ключей...
проверка целостности пакета...
загрузка файлов пакетов...
проверка возможных конфликтов файлов...
проверка доступного места...
:: Обработка изменений пакета...
установка libcdio...
установка libcdio-paranoia...
установка gvfs...
Дополнительные зависимости для 'gvfs'
    gvfs-afc: AFC support (Apple mobile devices)
    gvfs-dnssd: DNS-SD and WebDAV support (macOS file sharing)
    gvfs-goa: Gnome Online Accounts support (e.g. OwnCloud)
    gvfs-google: Google Drive support
    gvfs-gphoto2: gphoto2 support (PTP camera, MTP media player)
    gvfs-mtp: MTP support (Android, media player)
    gvfs-nfs: NFS support
    gvfs-onedrive: Microsoft OneDrive support
    gvfs-smb: SMB/CIFS support (Windows file sharing)
    gvfs-wsdd: Web Services Dynamic Discovery support (Windows discovery)
:: Запуск post-transaction hooks...
(1/7) Reloading user manager configuration...
(2/7) Creating temporary files...
(3/7) Arming ConditionNeedsUpdate...
(4/7) Updating GIO module cache...
(5/7) Compiling GSettings XML schema files...
(6/7) Reloading GVFS config...
(7/7) Updating the info directory file...
Sync Explicit (1): gvfs-mtp-1.58.0-2
разрешение зависимостей...
проверка конфликтов...

Пакет (1)       Новая версия  Изменение размера  Размер загрузки

extra/gvfs-mtp  1.58.0-2               0,15 MiB         0,05 MiB

Будет загружено:    0,05 MiB
Будет установлено:  0,15 MiB

:: Приступить к установке? [Y/n] 
:: Получение пакетов...
 gvfs-mtp-1.58.0-2-x86_64 downloading...
проверка связки ключей...
проверка целостности пакета...
загрузка файлов пакетов...
проверка возможных конфликтов файлов...
проверка доступного места...
:: Обработка изменений пакета...
установка gvfs-mtp...
:: Запуск post-transaction hooks...
(1/3) Reloading user manager configuration...
(2/3) Arming ConditionNeedsUpdate...
(3/3) Reloading GVFS config...
Sync Explicit (1): hyprpolkitagent-0.1.3-4
разрешение зависимостей...
проверка конфликтов...

Пакет (2)                  Новая версия  Изменение размера  Размер загрузки

extra/hyprland-qt-support  0.1.0-10               0,45 MiB         0,09 MiB
extra/hyprpolkitagent      0.1.3-4                0,20 MiB         0,08 MiB

Будет загружено:    0,16 MiB
Будет установлено:  0,65 MiB

:: Приступить к установке? [Y/n] 
:: Получение пакетов...
 hyprland-qt-support-0.1.0-10-x86_64 downloading...
 hyprpolkitagent-0.1.3-4-x86_64 downloading...
проверка связки ключей...
проверка целостности пакета...
загрузка файлов пакетов...
проверка возможных конфликтов файлов...
проверка доступного места...
:: Обработка изменений пакета...
установка hyprland-qt-support...
установка hyprpolkitagent...
:: Запуск post-transaction hooks...
(1/2) Reloading user manager configuration...
(2/2) Arming ConditionNeedsUpdate...
Sync Explicit (1): imagemagick-7.1.2.11-1
разрешение зависимостей...
проверка конфликтов...

Пакет (3)          Новая версия  Изменение размера  Размер загрузки

extra/liblqr       0.4.3-1                0,08 MiB         0,03 MiB
extra/libraqm      0.10.3-1               0,19 MiB         0,03 MiB
extra/imagemagick  7.1.2.11-1            24,17 MiB         8,83 MiB

Будет загружено:     8,89 MiB
Будет установлено:  24,43 MiB

:: Приступить к установке? [Y/n] 
:: Получение пакетов...
 imagemagick-7.1.2.11-1-x86_64 downloading...
 libraqm-0.10.3-1-x86_64 downloading...
 liblqr-0.4.3-1-x86_64 downloading...
проверка связки ключей...
проверка целостности пакета...
загрузка файлов пакетов...
проверка возможных конфликтов файлов...
проверка доступного места...
:: Обработка изменений пакета...
установка liblqr...
установка libraqm...
установка imagemagick...
Дополнительные зависимости для 'imagemagick'
    ghostscript: PS/PDF support
    jbigkit: JBIG support [установлено]
    libheif: HEIF support
    libjpeg-turbo: JPEG support [установлено]
    libjxl: JPEG XL support [установлено]
    libraw: DNG support
    librsvg: SVG support [установлено]
    libtiff: TIFF support [установлено]
    libultrahdr: UHDR support
    libwebp: WEBP support [установлено]
    libwmf: WMF support
    libzip: OpenRaster support [установлено]
    ocl-icd: OpenCL support [установлено]
    openexr: OpenEXR support
    openjpeg2: JPEG2000 support [установлено]
    djvulibre: DJVU support
    pango: Text rendering [установлено]
:: Запуск post-transaction hooks...
(1/2) Arming ConditionNeedsUpdate...
(2/2) Checking for old perl modules...
Sync Explicit (1): inxi-3.3.40.1-1
разрешение зависимостей...
проверка конфликтов...

Пакет (1)   Новая версия  Изменение размера  Размер загрузки

extra/inxi  3.3.40.1-1             1,36 MiB         0,35 MiB

Будет загружено:    0,35 MiB
Будет установлено:  1,36 MiB

:: Приступить к установке? [Y/n] 
:: Получение пакетов...
 inxi-3.3.40.1-1-any downloading...
проверка связки ключей...
проверка целостности пакета...
загрузка файлов пакетов...
проверка возможных конфликтов файлов...
проверка доступного места...
:: Обработка изменений пакета...
установка inxi...
Дополнительные зависимости для 'inxi'
    bind: dig: -i wlan IP
    binutils: strings: -I sysvinit version [установлено]
    bluez-tools: bt-adapter: -E bluetooth data (if no hciconfig)
    curl: -i (if no dig); -w,-W; -U [установлено]
    dmidecode: -M if no sys machine data; -m
    doas: -Dx hddtemp-user; -o file-user (alt for sudo)
    file: -o unmounted file system (if no lsblk) [установлено]
    freeipmi: ipmi-sensors: -s IPMI sensors (servers)
    hddtemp: -Dx show hdd temp, if no drivetemp module
    iproute2: ip: -i ip LAN [установлено]
    kmod: modinfo: Ax; -Nx module version [установлено]
    ipmitool: -s IPMI sensors (servers)
    lvm2: lvs: -L LVM data
    lm_sensors: sensors: -s sensors output [установлено]
    mdadm: -Ra advanced mdraid data [установлено]
    mesa-utils: glxinfo: -G (X) glx info
    net-tools: ifconfig: -i ip LAN (deprecated)
    perl-cpanel-json-xs: Cpanel::JSON::XS: --output json (faster than JSON::PP)
    perl-json-xs: JSON::XS: --output json (legacy)
    perl-io-socket-ssl: IO::Socket::SSL: -U; -w,-W; -i (if dig not installed)
    smartmontools: smartctl: -Da advanced data [установлено]
    systemd-sysvcompat: -I runlevel [установлено]
    sudo: -Dx hddtemp-user; -o file-user [установлено]
    tree: --debugger 20,21 /sys tree
    upower: -sx attached device battery info [установлено]
    usbutils: lsusb: -A usb audio; -J (optional); -N usb networking
    vulkan-tools: vulkaninfo: -G vulkan info
    wget: -i (if no dig); -w,-W; -U [установлено]
    wmctrl: -S active window manager (fallback)
    xorg-xdpyinfo: xdpyinfo: -G (X) Screen resolution, dpi; -Ga Screen size
    xorg-xdriinfo: xdriinfo: -G (X) DRI driver (if missing, fallback to Xorg log)
    xorg-xprop: xprop: -S (X) desktop data [установлено]
    xorg-xrandr: xrandr: -G (X) monitors(s) resolution; -Ga monitor data
:: Запуск post-transaction hooks...
(1/1) Arming ConditionNeedsUpdate...
Sync Explicit (1): jq-1.8.1-1
разрешение зависимостей...
проверка конфликтов...

Пакет (2)        Новая версия  Изменение размера  Размер загрузки

extra/oniguruma  6.9.10-1               0,88 MiB         0,22 MiB
extra/jq         1.8.1-1                0,45 MiB         0,19 MiB

Будет загружено:    0,41 MiB
Будет установлено:  1,33 MiB

:: Приступить к установке? [Y/n] 
:: Получение пакетов...
 oniguruma-6.9.10-1-x86_64 downloading...
 jq-1.8.1-1-x86_64 downloading...
проверка связки ключей...
проверка целостности пакета...
загрузка файлов пакетов...
проверка возможных конфликтов файлов...
проверка доступного места...
:: Обработка изменений пакета...
установка oniguruma...
установка jq...
:: Запуск post-transaction hooks...
(1/1) Arming ConditionNeedsUpdate...
Sync Explicit (1): kvantum-1.1.5-1
разрешение зависимостей...
проверка конфликтов...

Пакет (1)      Новая версия  Изменение размера  Размер загрузки

extra/kvantum  1.1.5-1                8,22 MiB         1,10 MiB

Будет загружено:    1,10 MiB
Будет установлено:  8,22 MiB

:: Приступить к установке? [Y/n] 
:: Получение пакетов...
 kvantum-1.1.5-1-x86_64 downloading...
проверка связки ключей...
проверка целостности пакета...
загрузка файлов пакетов...
проверка возможных конфликтов файлов...
проверка доступного места...
:: Обработка изменений пакета...
установка kvantum...
Дополнительные зависимости для 'kvantum'
    kvantum-qt5: Qt5 style
:: Запуск post-transaction hooks...
(1/3) Arming ConditionNeedsUpdate...
(2/3) Updating icon theme caches...
(3/3) Updating the desktop file MIME type cache...
Sync Explicit (1): libspng-0.7.4-2
разрешение зависимостей...
проверка конфликтов...

Пакет (1)      Новая версия  Изменение размера  Размер загрузки

extra/libspng  0.7.4-2                0,09 MiB         0,04 MiB

Будет загружено:    0,04 MiB
Будет установлено:  0,09 MiB

:: Приступить к установке? [Y/n] 
:: Получение пакетов...
 libspng-0.7.4-2-x86_64 downloading...
проверка связки ключей...
проверка целостности пакета...
загрузка файлов пакетов...
проверка возможных конфликтов файлов...
проверка доступного места...
:: Обработка изменений пакета...
установка libspng...
:: Запуск post-transaction hooks...
(1/1) Arming ConditionNeedsUpdate...
Sync Explicit (1): pamixer-1.6-3
разрешение зависимостей...
проверка конфликтов...

Пакет (1)      Новая версия  Изменение размера  Размер загрузки

extra/pamixer  1.6-3                  0,25 MiB         0,09 MiB

Будет загружено:    0,09 MiB
Будет установлено:  0,25 MiB

:: Приступить к установке? [Y/n] 
:: Получение пакетов...
 pamixer-1.6-3-x86_64 downloading...
проверка связки ключей...
проверка целостности пакета...
загрузка файлов пакетов...
проверка возможных конфликтов файлов...
проверка доступного места...
:: Обработка изменений пакета...
установка pamixer...
:: Запуск post-transaction hooks...
(1/1) Arming ConditionNeedsUpdate...
Sync Explicit (1): pavucontrol-1:6.2-1
разрешение зависимостей...
проверка конфликтов...

Пакет (12)                  Новая версия  Изменение размера  Размер загрузки

extra/cairomm-1.16          1.18.0-2               0,40 MiB         0,09 MiB
extra/glibmm-2.68           2.86.0-1               6,22 MiB         1,06 MiB
extra/gssdp                 1.6.4-1                0,24 MiB         0,06 MiB
extra/gst-plugins-bad-libs  1.26.10-1             12,56 MiB         2,86 MiB
extra/gtk4                  1:4.20.3-1            49,48 MiB         8,91 MiB
extra/gtkmm-4.0             4.20.0-1               9,82 MiB         1,48 MiB
extra/gupnp                 1:1.6.9-1              0,70 MiB         0,12 MiB
extra/gupnp-igd             1.6.0-2                0,11 MiB         0,03 MiB
extra/libnice               0.1.23-1               1,81 MiB         0,31 MiB
extra/libsigc++-3.0         3.8.0-1                0,25 MiB         0,05 MiB
extra/pangomm-2.48          2.56.1-1               0,57 MiB         0,11 MiB
extra/pavucontrol           1:6.2-1                1,04 MiB         0,21 MiB

Будет загружено:    15,29 MiB
Будет установлено:  83,21 MiB

:: Приступить к установке? [Y/n] 
:: Получение пакетов...
 gtk4-1:4.20.3-1-x86_64 downloading...
 gst-plugins-bad-libs-1.26.10-1-x86_64 downloading...
 gtkmm-4.0-4.20.0-1-x86_64 downloading...
 glibmm-2.68-2.86.0-1-x86_64 downloading...
 libnice-0.1.23-1-x86_64 downloading...
 pavucontrol-1:6.2-1-x86_64 downloading...
 gupnp-1:1.6.9-1-x86_64 downloading...
 pangomm-2.48-2.56.1-1-x86_64 downloading...
 cairomm-1.16-1.18.0-2-x86_64 downloading...
 gssdp-1.6.4-1-x86_64 downloading...
 libsigc++-3.0-3.8.0-1-x86_64 downloading...
 gupnp-igd-1.6.0-2-x86_64 downloading...
проверка связки ключей...
проверка целостности пакета...
загрузка файлов пакетов...
проверка возможных конфликтов файлов...
проверка доступного места...
:: Обработка изменений пакета...
установка libsigc++-3.0...
установка glibmm-2.68...
установка gssdp...
Дополнительные зависимости для 'gssdp'
    gtk4: gssdp-device-sniffer [ожидание]
установка gupnp...
Дополнительные зависимости для 'gupnp'
    python: gupnp-binding-tool [установлено]
установка gupnp-igd...
установка libnice...
Дополнительные зависимости для 'libnice'
    gstreamer: "nice" GStreamer plugin [установлено]
установка gst-plugins-bad-libs...
установка gtk4...
Дополнительные зависимости для 'gtk4'
    evince: Default print preview command
    xdg-desktop-portal-gtk: Fallback portals for various APIs
установка cairomm-1.16...
установка pangomm-2.48...
установка gtkmm-4.0...
установка pavucontrol...
:: Запуск post-transaction hooks...
(1/4) Arming ConditionNeedsUpdate...
(2/4) Compiling GSettings XML schema files...
(3/4) Updating icon theme caches...
(4/4) Updating the desktop file MIME type cache...
Sync Explicit (1): playerctl-2.4.1-5
разрешение зависимостей...
проверка конфликтов...

Пакет (1)        Новая версия  Изменение размера  Размер загрузки

extra/playerctl  2.4.1-5                0,44 MiB         0,08 MiB

Будет загружено:    0,08 MiB
Будет установлено:  0,44 MiB

:: Приступить к установке? [Y/n] 
:: Получение пакетов...
 playerctl-2.4.1-5-x86_64 downloading...
проверка связки ключей...
проверка целостности пакета...
загрузка файлов пакетов...
проверка возможных конфликтов файлов...
проверка доступного места...
:: Обработка изменений пакета...
установка playerctl...
:: Запуск post-transaction hooks...
(1/1) Arming ConditionNeedsUpdate...
Sync Explicit (1): python-requests-2.32.5-1
разрешение зависимостей...
проверка конфликтов...

Пакет (4)                        Новая версия  Изменение размера  Размер загрузки

extra/python-charset-normalizer  3.4.4-1                0,72 MiB         0,17 MiB
extra/python-idna                3.11-1                 0,89 MiB         0,10 MiB
extra/python-urllib3             2.6.2-1                1,30 MiB         0,23 MiB
extra/python-requests            2.32.5-1               0,59 MiB         0,12 MiB

Будет загружено:    0,62 MiB
Будет установлено:  3,50 MiB

:: Приступить к установке? [Y/n] 
:: Получение пакетов...
 python-urllib3-2.6.2-1-any downloading...
 python-charset-normalizer-3.4.4-1-x86_64 downloading...
 python-requests-2.32.5-1-any downloading...
 python-idna-3.11-1-any downloading...
проверка связки ключей...
проверка целостности пакета...
загрузка файлов пакетов...
проверка возможных конфликтов файлов...
проверка доступного места...
:: Обработка изменений пакета...
установка python-charset-normalizer...
установка python-idna...
установка python-urllib3...
Дополнительные зависимости для 'python-urllib3'
    python-brotli: Brotli support
    python-brotlicffi: Brotli support
    python-h2: HTTP/2 support
    python-pysocks: SOCKS support
    python-backports-zstd: Zstandard support
установка python-requests...
Дополнительные зависимости для 'python-requests'
    python-chardet: alternative character encoding library
    python-pysocks: SOCKS proxy support
:: Запуск post-transaction hooks...
(1/1) Arming ConditionNeedsUpdate...
Sync Explicit (1): python-pyquery-2.0.1-1
разрешение зависимостей...
проверка конфликтов...

Пакет (3)               Новая версия  Изменение размера  Размер загрузки

extra/python-cssselect  1.3.0-1                0,24 MiB         0,04 MiB
extra/python-lxml       6.0.2-1                5,86 MiB         1,51 MiB
extra/python-pyquery    2.0.1-1                0,26 MiB         0,05 MiB

Будет загружено:    1,60 MiB
Будет установлено:  6,36 MiB

:: Приступить к установке? [Y/n] 
:: Получение пакетов...
 python-lxml-6.0.2-1-x86_64 downloading...
 python-pyquery-2.0.1-1-any downloading...
 python-cssselect-1.3.0-1-any downloading...
проверка связки ключей...
проверка целостности пакета...
загрузка файлов пакетов...
проверка возможных конфликтов файлов...
проверка доступного места...
:: Обработка изменений пакета...
установка python-lxml...
Дополнительные зависимости для 'python-lxml'
    python-beautifulsoup4: support for beautifulsoup parser to parse not well formed HTML
    python-cssselect: support for cssselect [ожидание]
    python-html5lib: support for html5lib parser
    python-lxml-docs: offline docs
    python-lxml-html-clean: enable htmlclean feature
установка python-cssselect...
установка python-pyquery...
Дополнительные зависимости для 'python-pyquery'
    python-webob: query wsgi app
:: Запуск post-transaction hooks...
(1/1) Arming ConditionNeedsUpdate...
Sync Explicit (1): qt5ct-1.9-1
разрешение зависимостей...
проверка конфликтов...

Пакет (2)      Новая версия      Изменение размера  Размер загрузки

extra/qt5-svg  5.15.18+kde+r5-1           0,49 MiB         0,15 MiB
extra/qt5ct    1.9-1                      0,87 MiB         0,21 MiB

Будет загружено:    0,36 MiB
Будет установлено:  1,37 MiB

:: Приступить к установке? [Y/n] 
:: Получение пакетов...
 qt5ct-1.9-1-x86_64 downloading...
 qt5-svg-5.15.18+kde+r5-1-x86_64 downloading...
проверка связки ключей...
проверка целостности пакета...
загрузка файлов пакетов...
проверка возможных конфликтов файлов...
проверка доступного места...
:: Обработка изменений пакета...
установка qt5-svg...
установка qt5ct...
:: Запуск post-transaction hooks...
(1/2) Arming ConditionNeedsUpdate...
(2/2) Updating the desktop file MIME type cache...
Sync Explicit (1): qt6ct-0.11-3
разрешение зависимостей...
проверка конфликтов...

Пакет (1)    Новая версия  Изменение размера  Размер загрузки

extra/qt6ct  0.11-3                 0,67 MiB         0,17 MiB

Будет загружено:    0,17 MiB
Будет установлено:  0,67 MiB

:: Приступить к установке? [Y/n] 
:: Получение пакетов...
 qt6ct-0.11-3-x86_64 downloading...
проверка связки ключей...
проверка целостности пакета...
загрузка файлов пакетов...
проверка возможных конфликтов файлов...
проверка доступного места...
:: Обработка изменений пакета...
установка qt6ct...
:: Запуск post-transaction hooks...
(1/2) Arming ConditionNeedsUpdate...
(2/2) Updating the desktop file MIME type cache...
Sync Explicit (1): rofi-2.0.0-1
разрешение зависимостей...
проверка конфликтов...

Пакет (3)                   Новая версия  Изменение размера  Размер загрузки

extra/startup-notification  0.12-9                 0,06 MiB         0,02 MiB
extra/xcb-imdkit            1.0.9-1                0,60 MiB         0,32 MiB
extra/rofi                  2.0.0-1                1,07 MiB         0,59 MiB

Будет загружено:    0,92 MiB
Будет установлено:  1,73 MiB

:: Приступить к установке? [Y/n] 
:: Получение пакетов...
 rofi-2.0.0-1-x86_64 downloading...
 xcb-imdkit-1.0.9-1-x86_64 downloading...
 startup-notification-0.12-9-x86_64 downloading...
проверка связки ключей...
проверка целостности пакета...
загрузка файлов пакетов...
проверка возможных конфликтов файлов...
проверка доступного места...
:: Обработка изменений пакета...
установка startup-notification...
установка xcb-imdkit...
установка rofi...
:: Запуск post-transaction hooks...
(1/3) Arming ConditionNeedsUpdate...
(2/3) Updating icon theme caches...
(3/3) Updating the desktop file MIME type cache...
Sync Explicit (1): swappy-1.8.0-1
разрешение зависимостей...
проверка конфликтов...

Пакет (1)     Новая версия  Изменение размера  Размер загрузки

extra/swappy  1.8.0-1                0,12 MiB         0,03 MiB

Будет загружено:    0,03 MiB
Будет установлено:  0,12 MiB

:: Приступить к установке? [Y/n] 
:: Получение пакетов...
 swappy-1.8.0-1-x86_64 downloading...
проверка связки ключей...
проверка целостности пакета...
загрузка файлов пакетов...
проверка возможных конфликтов файлов...
проверка доступного места...
:: Обработка изменений пакета...
установка swappy...
Дополнительные зависимости для 'swappy'
    wl-clipboard: copy to clipboard support [установлено]
    otf-font-awesome: to draw the paint icons properly
:: Запуск post-transaction hooks...
(1/3) Arming ConditionNeedsUpdate...
(2/3) Updating icon theme caches...
(3/3) Updating the desktop file MIME type cache...
Sync Explicit (1): swaync-0.12.3-1
разрешение зависимостей...
проверка конфликтов...

Пакет (8)               Новая версия  Изменение размера  Размер загрузки

extra/appstream         1.1.1-1               17,11 MiB         2,26 MiB
extra/granite7          7.7.0-1                0,93 MiB         0,23 MiB
extra/gtk4-layer-shell  1.3.0-1                0,29 MiB         0,05 MiB
extra/libadwaita        1:1.8.2-1              5,15 MiB         0,73 MiB
extra/libfyaml          0.9-1                  0,92 MiB         0,29 MiB
extra/libgee            0.20.8-1               1,82 MiB         0,27 MiB
extra/libxmlb           0.3.24-1               1,20 MiB         0,15 MiB
extra/swaync            0.12.3-1               0,71 MiB         0,21 MiB

Будет загружено:     4,21 MiB
Будет установлено:  28,13 MiB

:: Приступить к установке? [Y/n] 
:: Получение пакетов...
 appstream-1.1.1-1-x86_64 downloading...
 libadwaita-1:1.8.2-1-x86_64 downloading...
 libfyaml-0.9-1-x86_64 downloading...
 libgee-0.20.8-1-x86_64 downloading...
 granite7-7.7.0-1-x86_64 downloading...
 swaync-0.12.3-1-x86_64 downloading...
 libxmlb-0.3.24-1-x86_64 downloading...
 gtk4-layer-shell-1.3.0-1-x86_64 downloading...
проверка связки ключей...
проверка целостности пакета...
загрузка файлов пакетов...
проверка возможных конфликтов файлов...
проверка доступного места...
:: Обработка изменений пакета...
установка gtk4-layer-shell...
установка libfyaml...
установка libxmlb...
установка appstream...
установка libadwaita...
установка libgee...
установка granite7...
установка swaync...
Дополнительные зависимости для 'swaync'
    gvfs: Get album art in MPRIS widget [установлено]
:: Запуск post-transaction hooks...
(1/6) Reloading user manager configuration...
(2/6) Arming ConditionNeedsUpdate...
(3/6) Updating the appstream cache...
✔ Кэш метаданных успешно обновлен.
(4/6) Compiling GSettings XML schema files...
(5/6) Updating icon theme caches...
(6/6) Updating the desktop file MIME type cache...
Sync Explicit (1): swww-0.11.2-1
разрешение зависимостей...
проверка конфликтов...

Пакет (1)   Новая версия  Изменение размера  Размер загрузки

extra/swww  0.11.2-1               8,43 MiB         2,33 MiB

Будет загружено:    2,33 MiB
Будет установлено:  8,43 MiB

:: Приступить к установке? [Y/n] 
:: Получение пакетов...
 swww-0.11.2-1-x86_64 downloading...
проверка связки ключей...
проверка целостности пакета...
загрузка файлов пакетов...
проверка возможных конфликтов файлов...
проверка доступного места...
:: Обработка изменений пакета...
установка swww...
:: Запуск post-transaction hooks...
(1/1) Arming ConditionNeedsUpdate...
Sync Explicit (1): unzip-6.0-23
разрешение зависимостей...
проверка конфликтов...

Пакет (1)    Новая версия  Изменение размера  Размер загрузки

extra/unzip  6.0-23                 0,30 MiB         0,14 MiB

Будет загружено:    0,14 MiB
Будет установлено:  0,30 MiB

:: Приступить к установке? [Y/n] 
:: Получение пакетов...
 unzip-6.0-23-x86_64 downloading...
проверка связки ключей...
проверка целостности пакета...
загрузка файлов пакетов...
проверка возможных конфликтов файлов...
проверка доступного места...
:: Обработка изменений пакета...
установка unzip...
:: Запуск post-transaction hooks...
(1/1) Arming ConditionNeedsUpdate...
:: [1mcargo доступен в 2 источниках:
:: [1mРепозиторий extra
    [0m1) rust 2) rustup [0m

Введите номер (по умолчанию = 1): 

AUR Explicit (1): wallust-3.4.0-1
Sync Make Dependency (1): rust-1:1.92.0-1
:: [1m(1/1) Скачан PKGBUILD: wallust[0m
  1 wallust                                  (файлы сборки существуют)
==> Пакеты, для которых требуется очистить кэш сборки?
==> [N]Нет [A]Все [Ab]Прервать [I]Установленные [No]Неустановленные или (1 2 3, 1-3, ^4)
==> 
  1 wallust                                  (файлы сборки существуют)
==> Показать изменения?
==> [N]Нет [A]Все [Ab]Прервать [I]Установленные [No]Неустановленные или (1 2 3, 1-3, ^4)
==> 
==> Сборка пакета wallust 3.4.0-1 (Вс 28 дек 2025 13:51:39)
==> Получение исходных файлов...
  -> Загрузка wallust-3.4.0.tar.gz...
  % Total    % Received % Xferd  Average Speed   Time    Time     Time  Current
                                 Dload  Upload   Total   Spent    Left  Speed
  0     0   0     0   0     0     0     0  --:--:-- --:--:-- --:--:--     0100 149418 100 149418   0     0 344508     0  --:--:-- --:--:-- --:--:-- 345076
==> ВНИМАНИЕ: Пропуск проверки PGP-подписей исходных файлов.
==> Проверка файлов source с использованием sha256sums...
    wallust-3.4.0.tar.gz ... Готово
:: [1m(1/1) Анализ SRCINFO: wallust[0m
разрешение зависимостей...
проверка конфликтов...

Пакет (3)          Новая версия  Изменение размера  Размер загрузки

extra/compiler-rt  21.1.6-1              46,11 MiB         3,70 MiB
extra/lld          21.1.6-1               6,83 MiB         1,99 MiB
extra/rust         1:1.92.0-1           270,84 MiB        68,42 MiB

Будет загружено:     74,11 MiB
Будет установлено:  323,77 MiB

:: Приступить к установке? [Y/n] 
:: Получение пакетов...
 rust-1:1.92.0-1-x86_64 downloading...
 compiler-rt-21.1.6-1-x86_64 downloading...
 lld-21.1.6-1-x86_64 downloading...
проверка связки ключей...
проверка целостности пакета...
загрузка файлов пакетов...
проверка возможных конфликтов файлов...
проверка доступного места...
:: Обработка изменений пакета...
установка compiler-rt...
установка lld...
установка rust...
Дополнительные зависимости для 'rust'
    gdb: rust-gdb script
    lldb: rust-lldb script
:: Запуск post-transaction hooks...
(1/1) Arming ConditionNeedsUpdate...
==> Сборка пакета wallust 3.4.0-1 (Вс 28 дек 2025 13:51:57)
==> Проверка зависимостей для запуска...
==> Проверка зависимостей для сборки...
==> Получение исходных файлов...
  -> Найден wallust-3.4.0.tar.gz
==> Проверка файлов source с использованием sha256sums...
    wallust-3.4.0.tar.gz ... Готово
==> Удаление директории '$srcdir/'...
==> Распаковка исходных файлов...
  -> Распаковка 'wallust-3.4.0.tar.gz' с помощью bsdtar
==> Запускается prepare()...
    Updating crates.io index
 Downloading crates ...
  Downloaded strum v0.27.1
  Downloaded fastrand v2.3.0
  Downloaded darling_macro v0.20.11
  Downloaded heck v0.5.0
  Downloaded form_urlencoded v1.2.1
  Downloaded derive_builder_macro v0.20.2
  Downloaded fnv v1.0.7
  Downloaded errno v0.3.13
  Downloaded ident_case v1.0.1
  Downloaded heck v0.4.1
  Downloaded quote v1.0.40
  Downloaded maplit v1.0.2
  Downloaded option-ext v0.2.0
  Downloaded num-conv v0.1.0
  Downloaded itoa v1.0.15
  Downloaded cfg-if v1.0.1
  Downloaded zerofrom v0.1.6
  Downloaded cargo-platform v0.1.9
  Downloaded zerofrom-derive v0.1.6
  Downloaded dyn-clone v1.0.19
  Downloaded percent-encoding v2.3.1
  Downloaded num_threads v0.1.7
  Downloaded yoke-derive v0.8.0
  Downloaded strum v0.24.1
  Downloaded potential_utf v0.1.2
  Downloaded equivalent v1.0.2
  Downloaded idna_adapter v1.2.1
  Downloaded same-file v1.0.6
  Downloaded utf8_iter v1.0.4
  Downloaded time-core v0.1.4
  Downloaded spinners v4.1.1
  Downloaded stable_deref_trait v1.2.0
  Downloaded approx v0.5.1
  Downloaded serde_spanned v1.0.0
  Downloaded by_address v1.2.1
  Downloaded ref-cast v1.0.24
  Downloaded color_quant v1.1.0
  Downloaded dirs v6.0.0
  Downloaded noop_proc_macro v0.3.0
  Downloaded cargo_metadata v0.19.2
  Downloaded memo-map v0.3.3
  Downloaded toml_datetime v0.7.0
  Downloaded lebe v0.5.2
  Downloaded toml_parser v1.0.1
  Downloaded arg_enum_proc_macro v0.3.4
  Downloaded bit_field v0.10.2
  Downloaded documented v0.9.2
  Downloaded siphasher v1.0.1
  Downloaded aligned-vec v0.6.4
  Downloaded equator-macro v0.4.2
  Downloaded new_debug_unreachable v1.0.6
  Downloaded documented-macros v0.9.2
  Downloaded zune-inflate v0.2.54
  Downloaded profiling v1.0.17
  Downloaded optfield v0.4.0
  Downloaded plotters-backend v0.3.7
  Downloaded plotters-svg v0.3.7
  Downloaded tinytemplate v1.2.1
  Downloaded oorandom v11.1.5
  Downloaded wasm-bindgen-shared v0.2.100
  Downloaded cc v1.2.29
  Downloaded adler2 v2.0.1
  Downloaded loop9 v0.1.5
  Downloaded maybe-rayon v0.1.1
  Downloaded wasm-bindgen-macro v0.2.100
  Downloaded simd-adler32 v0.3.7
  Downloaded simd_helpers v0.1.0
  Downloaded time v0.3.41
  Downloaded cast v0.3.0
  Downloaded clap_lex v0.7.5
  Downloaded num-rational v0.4.2
  Downloaded anstream v0.6.19
  Downloaded colorchoice v1.0.4
  Downloaded clap_derive v4.5.41
  Downloaded kmeans_colors v0.7.0
  Downloaded exr v1.73.0
  Downloaded vcpkg v0.2.15
  Downloaded regex v1.11.1
  Downloaded roff v0.2.2
  Downloaded anes v0.1.6
  Downloaded ciborium v0.2.2
  Downloaded num-integer v0.1.46
  Downloaded rand_core v0.9.3
  Downloaded rustix v1.0.7
  Downloaded anstyle v1.0.11
  Downloaded av1-grain v0.2.4
  Downloaded built v0.7.7
  Downloaded num-traits v0.2.19
  Downloaded phf_macros v0.12.1
  Downloaded regex-automata v0.4.9
  Downloaded gif v0.13.3
  Downloaded clap_complete v4.5.55
  Downloaded rand v0.9.1
  Downloaded unicode-segmentation v1.12.0
  Downloaded criterion v0.6.0
  Downloaded num-bigint v0.4.6
  Downloaded itertools v0.12.1
  Downloaded libz-sys v1.1.22
  Downloaded rayon v1.10.0
  Downloaded minijinja v2.11.0
  Downloaded itertools v0.14.0
  Downloaded syn v1.0.109
  Downloaded plotters v0.3.7
  Downloaded image v0.25.6
  Downloaded zerocopy v0.8.26
  Downloaded palette v0.7.6
  Downloaded libc v0.2.174
  Downloaded png v0.17.16
  Downloaded nom v7.1.3
  Downloaded schemars v1.0.4
  Downloaded clap v4.5.41
  Downloaded qoi v0.4.1
  Downloaded minimal-lexical v0.2.1
  Downloaded bumpalo v3.19.0
  Downloaded wasm-bindgen v0.2.100
  Downloaded libgit2-sys v0.18.2+1.9.1
  Downloaded rayon-core v1.12.1
  Downloaded itertools v0.13.0
  Downloaded miniz_oxide v0.8.9
  Downloaded flate2 v1.1.2
  Downloaded zune-jpeg v0.4.19
  Downloaded image-webp v0.2.3
  Downloaded bytemuck v1.23.1
  Downloaded imgref v1.11.0
  Downloaded linux-raw-sys v0.9.4
  Downloaded bitstream-io v2.6.0
  Downloaded itertools v0.10.5
  Downloaded jpeg-decoder v0.3.2
  Downloaded owo-colors v4.2.2
  Downloaded crossbeam-utils v0.8.21
  Downloaded weezl v0.1.10
  Downloaded clap_builder v4.5.41
  Downloaded criterion-plot v0.5.0
  Downloaded glob v0.3.2
  Downloaded bitflags v1.3.2
  Downloaded fdeflate v0.3.7
  Downloaded arrayvec v0.7.6
  Downloaded wasm-bindgen-backend v0.2.100
  Downloaded crossbeam-epoch v0.9.18
  Downloaded crc32fast v1.5.0
  Downloaded regex-syntax v0.8.5
  Downloaded shellexpand v3.1.1
  Downloaded anstyle-parse v0.2.7
  Downloaded paste v1.0.15
  Downloaded thiserror v1.0.69
  Downloaded ravif v0.11.20
  Downloaded rgb v0.8.52
  Downloaded syn v2.0.104
  Downloaded clap_mangen v0.2.28
  Downloaded ciborium-io v0.2.2
  Downloaded ciborium-ll v0.2.2
  Downloaded anstyle-query v1.1.3
  Downloaded is_terminal_polyfill v1.70.1
  Downloaded utf8parse v0.2.2
  Downloaded fast_image_resize v5.1.4
  Downloaded v_frame v0.3.9
  Downloaded wasm-bindgen-macro-support v0.2.100
  Downloaded either v1.15.0
  Downloaded tiff v0.9.1
  Downloaded byteorder v1.5.0
  Downloaded thiserror-impl v1.0.69
  Downloaded crossbeam-deque v0.8.6
  Downloaded zune-core v0.4.12
  Downloaded ppv-lite86 v0.2.21
  Downloaded rand_chacha v0.9.0
  Downloaded git2 v0.20.2
  Downloaded winnow v0.7.12
  Downloaded aho-corasick v1.1.3
  Downloaded dunce v1.0.5
  Downloaded document-features v0.2.11
  Downloaded self_cell v1.2.0
  Downloaded autocfg v1.5.0
  Downloaded ref-cast-impl v1.0.24
  Downloaded serde_derive_internals v0.29.1
  Downloaded schemars_derive v1.0.4
  Downloaded hashbrown v0.15.4
  Downloaded icu_properties_data v2.0.1
  Downloaded idna v1.0.3
  Downloaded rav1e v0.7.1
  Downloaded serde_json v1.0.140
  Downloaded zerovec v0.11.2
  Downloaded memchr v2.7.5
  Downloaded indexmap v2.10.0
  Downloaded icu_collections v2.0.0
  Downloaded url v2.5.4
  Downloaded convert_case v0.8.0
  Downloaded half v2.6.0
  Downloaded fxhash v0.2.1
  Downloaded icu_normalizer_data v2.0.0
  Downloaded icu_normalizer v2.0.0
  Downloaded icu_locale_core v2.0.0
  Downloaded zerotrie v0.2.2
  Downloaded darling_core v0.20.11
  Downloaded litrs v0.4.1
  Downloaded quick-error v2.0.1
  Downloaded toml_edit v0.23.1
  Downloaded icu_properties v2.0.1
  Downloaded serde v1.0.219
  Downloaded toml v0.9.2
  Downloaded log v0.4.27
  Downloaded avif-serialize v0.8.5
  Downloaded num-derive v0.4.2
  Downloaded getrandom v0.3.3
  Downloaded icu_provider v2.0.0
  Downloaded phf_generator v0.12.1
  Downloaded phf v0.12.1
  Downloaded litemap v0.8.0
  Downloaded anyhow v1.0.98
  Downloaded proc-macro2 v1.0.95
  Downloaded wallust_themes v1.1.0
  Downloaded once_cell v1.21.3
  Downloaded tempfile v3.20.0
  Downloaded bitflags v2.9.1
  Downloaded equator v0.4.2
  Downloaded powerfmt v0.2.0
  Downloaded derive_builder v0.20.2
  Downloaded jobserver v0.1.33
  Downloaded yoke v0.8.0
  Downloaded synstructure v0.13.2
  Downloaded smallvec v1.15.1
  Downloaded phf_shared v0.12.1
  Downloaded byteorder-lite v0.1.0
  Downloaded camino v1.1.10
  Downloaded thiserror v2.0.12
  Downloaded ryu v1.0.20
  Downloaded unicode-ident v1.0.18
  Downloaded profiling-procmacros v1.0.17
  Downloaded darling v0.20.11
  Downloaded vergen v9.0.6
  Downloaded fast-srgb8 v1.0.0
  Downloaded palette_derive v0.7.6
  Downloaded dirs-sys v0.5.0
  Downloaded strum_macros v0.27.1
  Downloaded pkg-config v0.3.32
  Downloaded tinystr v0.8.1
  Downloaded derive_builder_core v0.20.2
  Downloaded lazy_static v1.5.0
  Downloaded strum_macros v0.24.3
  Downloaded toml_writer v1.0.2
  Downloaded shlex v1.3.0
  Downloaded writeable v0.6.1
  Downloaded zerovec-derive v0.11.1
  Downloaded thiserror-impl v2.0.12
  Downloaded walkdir v2.5.0
  Downloaded displaydoc v0.2.5
  Downloaded deranged v0.4.0
  Downloaded time-macros v0.2.22
  Downloaded vergen-lib v0.1.6
  Downloaded vergen-git2 v1.0.7
  Downloaded semver v1.0.26
  Downloaded strsim v0.11.1
  Downloaded serde_derive v1.0.219
  Downloaded rustversion v1.0.21
==> Исходные файлы готовы.
==> Сборка пакета wallust 3.4.0-1 (Вс 28 дек 2025 13:52:07)
==> Проверка зависимостей для запуска...
==> Проверка зависимостей для сборки...
==> ВНИМАНИЕ: Использование существующего дерева исходных файлов в '$srcdir/'
==> Запускается build()...
   Compiling proc-macro2 v1.0.95
   Compiling unicode-ident v1.0.18
   Compiling libc v0.2.174
   Compiling rustversion v1.0.21
   Compiling stable_deref_trait v1.2.0
   Compiling cfg-if v1.0.1
   Compiling serde v1.0.219
   Compiling memchr v2.7.5
   Compiling quote v1.0.40
   Compiling syn v2.0.104
   Compiling autocfg v1.5.0
   Compiling anyhow v1.0.98
   Compiling itoa v1.0.15
   Compiling serde_json v1.0.140
   Compiling jobserver v0.1.33
   Compiling num-traits v0.2.19
   Compiling fnv v1.0.7
   Compiling writeable v0.6.1
   Compiling ident_case v1.0.1
   Compiling litemap v0.8.0
   Compiling shlex v1.3.0
   Compiling ryu v1.0.20
   Compiling crossbeam-utils v0.8.21
   Compiling strsim v0.11.1
   Compiling cc v1.2.29
   Compiling icu_properties_data v2.0.1
   Compiling icu_normalizer_data v2.0.0
   Compiling pkg-config v0.3.32
   Compiling thiserror v2.0.12
   Compiling vcpkg v0.2.15
   Compiling crossbeam-epoch v0.9.18
   Compiling simd-adler32 v0.3.7
   Compiling rayon-core v1.12.1
   Compiling libz-sys v1.1.22
   Compiling smallvec v1.15.1
   Compiling synstructure v0.13.2
   Compiling darling_core v0.20.11
   Compiling crossbeam-deque v0.8.6
   Compiling either v1.15.0
   Compiling camino v1.1.10
   Compiling semver v1.0.26
   Compiling libgit2-sys v0.18.2+1.9.1
   Compiling num-integer v0.1.46
   Compiling vergen-lib v0.1.6
   Compiling aho-corasick v1.1.3
   Compiling adler2 v2.0.1
   Compiling utf8_iter v1.0.4
   Compiling thiserror v1.0.69
   Compiling serde_derive v1.0.219
   Compiling zerofrom-derive v0.1.6
   Compiling yoke-derive v0.8.0
   Compiling zerovec-derive v0.11.1
   Compiling displaydoc v0.2.5
   Compiling darling_macro v0.20.11
   Compiling zerofrom v0.1.6
   Compiling yoke v0.8.0
   Compiling darling v0.20.11
   Compiling thiserror-impl v2.0.12
   Compiling zerovec v0.11.2
   Compiling zerotrie v0.2.2
   Compiling derive_builder_core v0.20.2
   Compiling tinystr v0.8.1
   Compiling icu_locale_core v2.0.0
   Compiling potential_utf v0.1.2
   Compiling icu_collections v2.0.0
   Compiling equator-macro v0.4.2
   Compiling icu_provider v2.0.0
   Compiling equator v0.4.2
   Compiling icu_properties v2.0.1
   Compiling icu_normalizer v2.0.0
   Compiling derive_builder_macro v0.20.2
   Compiling regex-syntax v0.8.5
   Compiling idna_adapter v1.2.1
   Compiling heck v0.5.0
   Compiling getrandom v0.3.3
   Compiling crc32fast v1.5.0
   Compiling zerocopy v0.8.26
   Compiling percent-encoding v2.3.1
   Compiling form_urlencoded v1.2.1
   Compiling regex-automata v0.4.9
   Compiling wallust_themes v1.1.0
   Compiling cargo-platform v0.1.9
   Compiling idna v1.0.3
   Compiling derive_builder v0.20.2
   Compiling aligned-vec v0.6.4
   Compiling thiserror-impl v1.0.69
   Compiling miniz_oxide v0.8.9
   Compiling num-bigint v0.4.6
   Compiling vergen v9.0.6
   Compiling minimal-lexical v0.2.1
   Compiling paste v1.0.15
   Compiling built v0.7.7
   Compiling syn v1.0.109
   Compiling siphasher v1.0.1
   Compiling arrayvec v0.7.6
   Compiling powerfmt v0.2.0
   Compiling deranged v0.4.0
   Compiling phf_shared v0.12.1
   Compiling rav1e v0.7.1
   Compiling num-rational v0.4.2
   Compiling nom v7.1.3
   Compiling regex v1.11.1
   Compiling cargo_metadata v0.19.2
   Compiling url v2.5.4
   Compiling v_frame v0.3.9
   Compiling profiling-procmacros v1.0.17
   Compiling rayon v1.10.0
   Compiling vergen-git2 v1.0.7
   Compiling log v0.4.27
   Compiling anstyle v1.0.11
   Compiling fastrand v2.3.0
   Compiling clap_lex v0.7.5
   Compiling num_threads v0.1.7
   Compiling num-conv v0.1.0
   Compiling time-core v0.1.4
   Compiling utf8parse v0.2.2
   Compiling bitflags v2.9.1
   Compiling ppv-lite86 v0.2.21
   Compiling anstyle-parse v0.2.7
   Compiling time v0.3.41
   Compiling clap_builder v4.5.41
   Compiling maybe-rayon v0.1.1
   Compiling av1-grain v0.2.4
   Compiling phf_generator v0.12.1
   Compiling profiling v1.0.17
   Compiling flate2 v1.1.2
   Compiling rand_core v0.9.3
   Compiling strum_macros v0.27.1
   Compiling arg_enum_proc_macro v0.3.4
   Compiling num-derive v0.4.2
   Compiling itertools v0.12.1
   Compiling simd_helpers v0.1.0
   Compiling option-ext v0.2.0
   Compiling imgref v1.11.0
   Compiling weezl v0.1.10
   Compiling unicode-segmentation v1.12.0
   Compiling is_terminal_polyfill v1.70.1
   Compiling palette v0.7.6
   Compiling once_cell v1.21.3
   Compiling bitstream-io v2.6.0
   Compiling quick-error v2.0.1
   Compiling colorchoice v1.0.4
   Compiling heck v0.4.1
   Compiling new_debug_unreachable v1.0.6
   Compiling by_address v1.2.1
   Compiling anstyle-query v1.1.3
   Compiling noop_proc_macro v0.3.0
   Compiling winnow v0.7.12
   Compiling strum_macros v0.24.3
   Compiling palette_derive v0.7.6
   Compiling toml_parser v1.0.1
   Compiling anstream v0.6.19
   Compiling convert_case v0.8.0
   Compiling loop9 v0.1.5
   Compiling itertools v0.14.0
   Compiling dirs-sys v0.5.0
   Compiling strum v0.27.1
   Compiling rand_chacha v0.9.0
   Compiling phf_macros v0.12.1
   Compiling clap v4.5.41
   Compiling avif-serialize v0.8.5
   Compiling toml_datetime v0.7.0
   Compiling optfield v0.4.0
   Compiling fdeflate v0.3.7
   Compiling zune-inflate v0.2.54
   Compiling half v2.6.0
   Compiling lebe v0.5.2
   Compiling bitflags v1.3.2
   Compiling color_quant v1.1.0
   Compiling equivalent v1.0.2
   Compiling byteorder v1.5.0
   Compiling jpeg-decoder v0.3.2
   Compiling fast-srgb8 v1.0.0
   Compiling hashbrown v0.15.4
   Compiling bytemuck v1.23.1
   Compiling toml_writer v1.0.2
   Compiling litrs v0.4.1
   Compiling zune-core v0.4.12
   Compiling byteorder-lite v0.1.0
   Compiling bit_field v0.10.2
   Compiling rgb v0.8.52
   Compiling owo-colors v4.2.2
   Compiling ravif v0.11.20
   Compiling image-webp v0.2.3
   Compiling exr v1.73.0
   Compiling zune-jpeg v0.4.19
   Compiling document-features v0.2.11
   Compiling indexmap v2.10.0
   Compiling tiff v0.9.1
   Compiling qoi v0.4.1
   Compiling fxhash v0.2.1
   Compiling gif v0.13.3
   Compiling png v0.17.16
   Compiling documented-macros v0.9.2
   Compiling phf v0.12.1
   Compiling rand v0.9.1
   Compiling dirs v6.0.0
   Compiling strum v0.24.1
   Compiling serde_spanned v1.0.0
   Compiling clap_derive v4.5.41
   Compiling self_cell v1.2.0
   Compiling memo-map v0.3.3
   Compiling lazy_static v1.5.0
   Compiling same-file v1.0.6
   Compiling maplit v1.0.2
   Compiling spinners v4.1.1
   Compiling walkdir v2.5.0
   Compiling minijinja v2.11.0
   Compiling kmeans_colors v0.7.0
   Compiling toml v0.9.2
   Compiling shellexpand v3.1.1
   Compiling documented v0.9.2
   Compiling image v0.25.6
   Compiling toml_edit v0.23.1
   Compiling fast_image_resize v5.1.4
   Compiling glob v0.3.2
   Compiling dunce v1.0.5
   Compiling git2 v0.20.2
   Compiling wallust v3.4.0 (/home/sudo/.cache/yay/wallust/src/wallust-3.4.0)
warning: constant `SCHEME_NAME` is never used
   --> src/sequences.rs:153:7
    |
153 | const SCHEME_NAME: &str = "wallust";
    |       ^^^^^^^^^^^
    |
    = note: `#[warn(dead_code)]` (part of `#[warn(unused)]`) on by default

warning: struct `WinTerm` is never constructed
   --> src/sequences.rs:245:8
    |
245 | struct WinTerm {
    |        ^^^^^^^

warning: struct `WinScheme` is never constructed
   --> src/sequences.rs:264:8
    |
264 | struct WinScheme {
    |        ^^^^^^^^^

warning: unused return value of `array::<impl [T; N]>::map` that must be used
   --> src/colors.rs:344:9
    |
344 | /         [
345 | |             //&mut self.color0,
346 | |             &mut self.color1,
347 | |             &mut self.color2,
...   |
361 | |         ].map(|i| *i = i.saturate(amount));
    | |__________________________________________^
    |
    = note: `#[warn(unused_must_use)]` (part of `#[warn(unused)]`) on by default
help: use `let _ = ...` to ignore the resulting value
    |
344 |         let _ = [
    |         +++++++

warning: `wallust` (lib) generated 4 warnings
    Finished `release` profile [optimized] target(s) in 5m 08s
==> Вход в окружение fakeroot...
==> Запускается package()...
==> Очистка...
  -> Удаление файлов libtool...
  -> Удаление статических библиотек...
  -> Удаление ненужных файлов...
  -> Удаление отладочной информации из бинарников и библиотек...
  -> Сжатие документации (man и info)...
==> Проверка сборки на ошибки...
==> Создание пакета "wallust"...
  -> Создание файла '.PKGINFO'...
  -> Создание файла '.BUILDINFO'...
  -> Создание файла '.MTREE'...
  -> Сжатие пакета...
==> Создание пакета "wallust-debug"...
  -> Создание файла '.PKGINFO'...
  -> Создание файла '.BUILDINFO'...
  -> Создание файла '.MTREE'...
  -> Сжатие пакета...
==> Выход из окружения fakeroot.
==> Завершена сборка пакета wallust 3.4.0-1 (Вс 28 дек 2025 13:57:18)
==> Очистка...
загрузка пакетов...
разрешение зависимостей...
проверка конфликтов...

Пакет (2)      Новая версия  Изменение размера

wallust        3.4.0-1                5,28 MiB
wallust-debug  3.4.0-1                0,00 MiB

Будет установлено:  5,29 MiB

:: Приступить к установке? [Y/n] 
проверка связки ключей...
проверка целостности пакета...
загрузка файлов пакетов...
проверка возможных конфликтов файлов...
проверка доступного места...
:: Обработка изменений пакета...
установка wallust...
Дополнительные зависимости для 'wallust'
    imagemagick [установлено]
установка wallust-debug...
:: Запуск post-transaction hooks...
(1/1) Arming ConditionNeedsUpdate...
Sync Explicit (1): waybar-0.14.0-5
разрешение зависимостей...
проверка конфликтов...

Пакет (17)             Новая версия  Изменение размера  Размер загрузки

extra/atkmm            2.28.4-1               0,54 MiB         0,10 MiB
extra/bluez-libs       5.85-1                 0,31 MiB         0,09 MiB
extra/cairomm          1.14.5-1               0,40 MiB         0,09 MiB
extra/fmt              12.1.0-1               0,70 MiB         0,18 MiB
extra/glibmm           2.66.8-1               5,88 MiB         1,00 MiB
extra/gpsd             3.27.2-1               5,37 MiB         1,15 MiB
extra/gtk-layer-shell  0.10.0-1               0,39 MiB         0,07 MiB
extra/gtkmm3           3.24.10-1              9,32 MiB         1,39 MiB
extra/jsoncpp          1.9.6-3                0,77 MiB         0,16 MiB
extra/libmpdclient     2.23-1                 0,36 MiB         0,08 MiB
extra/libsigc++        2.12.1-2               1,14 MiB         0,07 MiB
extra/libwireplumber   0.5.12-1               1,57 MiB         0,27 MiB
extra/pangomm          2.46.4-1               0,49 MiB         0,10 MiB
extra/pps-tools        1.0.3-2                0,06 MiB         0,01 MiB
extra/sndio            1.10.0-1               0,28 MiB         0,12 MiB
extra/spdlog           1.16.0-1               0,68 MiB         0,16 MiB
extra/waybar           0.14.0-5               2,26 MiB         0,85 MiB

Будет загружено:     5,88 MiB
Будет установлено:  30,52 MiB

:: Приступить к установке? [Y/n] 
:: Получение пакетов...
 gtkmm3-3.24.10-1-x86_64 downloading...
 gpsd-3.27.2-1-x86_64 downloading...
 glibmm-2.66.8-1-x86_64 downloading...
 waybar-0.14.0-5-x86_64 downloading...
 libwireplumber-0.5.12-1-x86_64 downloading...
 fmt-12.1.0-1-x86_64 downloading...
 jsoncpp-1.9.6-3-x86_64 downloading...
 spdlog-1.16.0-1-x86_64 downloading...
 sndio-1.10.0-1-x86_64 downloading...
 atkmm-2.28.4-1-x86_64 downloading...
 pangomm-2.46.4-1-x86_64 downloading...
 bluez-libs-5.85-1-x86_64 downloading...
 cairomm-1.14.5-1-x86_64 downloading...
 libmpdclient-2.23-1-x86_64 downloading...
 gtk-layer-shell-0.10.0-1-x86_64 downloading...
 libsigc++-2.12.1-2-x86_64 downloading...
 pps-tools-1.0.3-2-x86_64 downloading...
проверка связки ключей...
проверка целостности пакета...
загрузка файлов пакетов...
проверка возможных конфликтов файлов...
проверка доступного места...
:: Обработка изменений пакета...
установка libsigc++...
установка glibmm...
установка atkmm...
установка cairomm...
установка fmt...
установка bluez-libs...
установка pps-tools...
установка gpsd...
Дополнительные зависимости для 'gpsd'
    gtk3: GUI frontends [установлено]
    php: generate a PHP status page for your GPS
    php-gd: image support for the PHP status page
    python-cairo: GUI frontends
    python-gobject: GUI frontends
    python-pyserial: GUI frontends
    qt5-base: for Qgpsmm [установлено]
установка gtk-layer-shell...
установка pangomm...
установка gtkmm3...
установка jsoncpp...
Дополнительные зависимости для 'jsoncpp'
    jsoncpp-doc: documentation
установка libmpdclient...
установка libwireplumber...
установка sndio...
установка spdlog...
установка waybar...
Дополнительные зависимости для 'waybar'
    otf-font-awesome: Icons in the default configuration
:: Запуск post-transaction hooks...
(1/5) Reloading system manager configuration...
(2/5) Reloading user manager configuration...
(3/5) Reloading device manager configuration...
(4/5) Arming ConditionNeedsUpdate...
(5/5) Updating the desktop file MIME type cache...
AUR Explicit (1): wlogout-1.2.2-0
Sync Make Dependency (2): meson-1.10.0-1, scdoc-1.11.4-1
Sync Dependency (1): gobject-introspection-1.86.0-1
:: [1m(1/1) Скачан PKGBUILD: wlogout[0m
  1 wlogout                                  (файлы сборки существуют)
==> Пакеты, для которых требуется очистить кэш сборки?
==> [N]Нет [A]Все [Ab]Прервать [I]Установленные [No]Неустановленные или (1 2 3, 1-3, ^4)
==> 
  1 wlogout                                  (файлы сборки существуют)
==> Показать изменения?
==> [N]Нет [A]Все [Ab]Прервать [I]Установленные [No]Неустановленные или (1 2 3, 1-3, ^4)
==> 
==> Сборка пакета wlogout 1.2.2-0 (Вс 28 дек 2025 13:57:53)
==> Получение исходных файлов...
  -> Загрузка wlogout-1.2.2.tar.gz...
  % Total    % Received % Xferd  Average Speed   Time    Time     Time  Current
                                 Dload  Upload   Total   Spent    Left  Speed
  0     0   0     0   0     0     0     0  --:--:-- --:--:-- --:--:--     0  0     0   0     0   0     0     0     0  --:--:-- --:--:-- --:--:--     0  0     0   0     0   0     0     0     0  --:--:-- --:--:-- --:--:--     0
100 542612 100 542612   0     0 546686     0  --:--:-- --:--:-- --:--:-- 546686
  -> Загрузка wlogout-1.2.2.tar.gz.sig...
  % Total    % Received % Xferd  Average Speed   Time    Time     Time  Current
                                 Dload  Upload   Total   Spent    Left  Speed
  0     0   0     0   0     0     0     0  --:--:-- --:--:-- --:--:--     0  0     0   0     0   0     0     0     0  --:--:-- --:--:-- --:--:--     0  0     0   0     0   0     0     0     0  --:--:-- --:--:-- --:--:--     0
100   566 100   566   0     0   841     0  --:--:-- --:--:-- --:--:--   841
==> ВНИМАНИЕ: Пропуск проверки PGP-подписей исходных файлов.
==> Проверка файлов source с использованием md5sums...
    wlogout-1.2.2.tar.gz ... Готово
    wlogout-1.2.2.tar.gz.sig ... Пропущено
:: [1m(1/1) Анализ SRCINFO: wlogout[0m
gpg: создан каталог '/home/sudo/.gnupg'
gpg: /home/sudo/.gnupg/trustdb.gpg: создана таблица доверия
gpg: error reading key: Нет открытого ключа

 :: [1mКлючи PGP, требующие импорта:[0m
 -> F4FDB18A9937358364B276E9E25D679AF73C6D2F, требуется пакету: wlogout
:: [1mИмпортирование ключей с помощью gpg...[0m
gpg: сбой при получении с сервера ключей: Сервер указал на сбой
 -> проблема импортирования ключей
Sync Explicit (1): xdg-user-dirs-0.19-2
разрешение зависимостей...
проверка конфликтов...

Пакет (1)            Новая версия  Изменение размера  Размер загрузки

extra/xdg-user-dirs  0.19-2                 0,16 MiB         0,04 MiB

Будет загружено:    0,04 MiB
Будет установлено:  0,16 MiB

:: Приступить к установке? [Y/n] 
:: Получение пакетов...
 xdg-user-dirs-0.19-2-x86_64 downloading...
проверка связки ключей...
проверка целостности пакета...
загрузка файлов пакетов...
проверка возможных конфликтов файлов...
проверка доступного места...
:: Обработка изменений пакета...
установка xdg-user-dirs...
Created symlink '/etc/systemd/user/graphical-session-pre.target.wants/xdg-user-dirs.service' → '/usr/lib/systemd/user/xdg-user-dirs.service'.
:: Запуск post-transaction hooks...
(1/2) Reloading user manager configuration...
(2/2) Arming ConditionNeedsUpdate...
Sync Explicit (1): yad-14.2-1
разрешение зависимостей...
проверка конфликтов...

Пакет (12)            Новая версия               Изменение размера  Размер загрузки

extra/enchant         2.8.14-1                            0,27 MiB         0,07 MiB
extra/gspell          1.14.2-1                            0,44 MiB         0,10 MiB
extra/gtksourceview3  1:3.24.11+r30+gd880929f-1           3,91 MiB         0,59 MiB
extra/harfbuzz-icu    12.3.0-1                            0,02 MiB         0,01 MiB
extra/hyphen          2.8.8-6                             0,03 MiB         0,02 MiB
extra/libavif         1.3.0-3                             0,74 MiB         0,26 MiB
extra/libmanette      0.2.13-1                            0,40 MiB         0,05 MiB
extra/libyuv          r2426+464c51a03-1                   1,82 MiB         0,30 MiB
extra/webkit2gtk-4.1  2.50.4-1                          127,77 MiB        34,27 MiB
extra/woff2           1.0.2-6                             0,17 MiB         0,06 MiB
extra/xdg-dbus-proxy  0.1.6-1                             0,06 MiB         0,02 MiB
extra/yad             14.2-1                              0,59 MiB         0,19 MiB

Будет загружено:     35,96 MiB
Будет установлено:  136,22 MiB

:: Приступить к установке? [Y/n] 
:: Получение пакетов...
 webkit2gtk-4.1-2.50.4-1-x86_64 downloading...
 gtksourceview3-1:3.24.11+r30+gd880929f-1-x86_64 downloading...
 libyuv-r2426+464c51a03-1-x86_64 downloading...
 libavif-1.3.0-3-x86_64 downloading...
 yad-14.2-1-x86_64 downloading...
 gspell-1.14.2-1-x86_64 downloading...
 enchant-2.8.14-1-x86_64 downloading...
 woff2-1.0.2-6-x86_64 downloading...
 libmanette-0.2.13-1-x86_64 downloading...
 xdg-dbus-proxy-0.1.6-1-x86_64 downloading...
 hyphen-2.8.8-6-x86_64 downloading...
 harfbuzz-icu-12.3.0-1-x86_64 downloading...
проверка связки ключей...
проверка целостности пакета...
загрузка файлов пакетов...
проверка возможных конфликтов файлов...
проверка доступного места...
:: Обработка изменений пакета...
установка enchant...
Дополнительные зависимости для 'enchant'
    aspell: for aspell based spell checking support
    hspell: for hspell based spell checking support
    hunspell: for hunspell based spell checking support
    libvoikko: for libvoikko based spell checking support
    nuspell: for nuspell based spell checking support
установка harfbuzz-icu...
установка hyphen...
установка libyuv...
установка libavif...
установка libmanette...
установка woff2...
установка xdg-dbus-proxy...
установка webkit2gtk-4.1...
Дополнительные зависимости для 'webkit2gtk-4.1'
    geoclue: Geolocation support
    gst-libav: nonfree media decoding
    gst-plugins-bad: media decoding
    gst-plugins-good: media decoding
установка gtksourceview3...
установка gspell...
установка yad...
:: Запуск post-transaction hooks...
(1/4) Arming ConditionNeedsUpdate...
(2/4) Compiling GSettings XML schema files...
(3/4) Updating icon theme caches...
(4/4) Updating the desktop file MIME type cache...
Sync Explicit (1): brightnessctl-0.5.1-3
разрешение зависимостей...
проверка конфликтов...

Пакет (1)            Новая версия  Изменение размера  Размер загрузки

extra/brightnessctl  0.5.1-3                0,03 MiB         0,01 MiB

Будет загружено:    0,01 MiB
Будет установлено:  0,03 MiB

:: Приступить к установке? [Y/n] 
:: Получение пакетов...
 brightnessctl-0.5.1-3-x86_64 downloading...
проверка связки ключей...
проверка целостности пакета...
загрузка файлов пакетов...
проверка возможных конфликтов файлов...
проверка доступного места...
:: Обработка изменений пакета...
установка brightnessctl...
:: Запуск post-transaction hooks...
(1/1) Arming ConditionNeedsUpdate...
Sync Explicit (1): btop-1.4.6-1
разрешение зависимостей...
проверка конфликтов...

Пакет (1)   Новая версия  Изменение размера  Размер загрузки

extra/btop  1.4.6-1                1,64 MiB         0,56 MiB

Будет загружено:    0,56 MiB
Будет установлено:  1,64 MiB

:: Приступить к установке? [Y/n] 
:: Получение пакетов...
 btop-1.4.6-1-x86_64 downloading...
проверка связки ключей...
проверка целостности пакета...
загрузка файлов пакетов...
проверка возможных конфликтов файлов...
проверка доступного места...
:: Обработка изменений пакета...
установка btop...
Дополнительные зависимости для 'btop'
    rocm-smi-lib: AMD GPU support
:: Запуск post-transaction hooks...
(1/3) Arming ConditionNeedsUpdate...
(2/3) Updating icon theme caches...
(3/3) Updating the desktop file MIME type cache...
Sync Explicit (1): cava-0.10.6-1
разрешение зависимостей...
проверка конфликтов...

Пакет (1)   Новая версия  Изменение размера  Размер загрузки

extra/cava  0.10.6-1               0,19 MiB         0,07 MiB

Будет загружено:    0,07 MiB
Будет установлено:  0,19 MiB

:: Приступить к установке? [Y/n] 
:: Получение пакетов...
 cava-0.10.6-1-x86_64 downloading...
проверка связки ключей...
проверка целостности пакета...
загрузка файлов пакетов...
проверка возможных конфликтов файлов...
проверка доступного места...
:: Обработка изменений пакета...
установка cava...
:: Запуск post-transaction hooks...
(1/1) Arming ConditionNeedsUpdate...
Sync Explicit (1): loupe-49.1-1
разрешение зависимостей...
проверка конфликтов...

Пакет (4)                  Новая версия  Изменение размера  Размер загрузки

extra/geocode-glib-2       3.26.4-4               0,79 MiB         0,09 MiB
extra/geocode-glib-common  3.26.4-4               0,06 MiB         0,01 MiB
extra/libgweather-4        4.4.4-3               22,92 MiB         3,00 MiB
extra/loupe                49.1-1                 7,65 MiB         2,28 MiB

Будет загружено:     5,38 MiB
Будет установлено:  31,42 MiB

:: Приступить к установке? [Y/n] 
:: Получение пакетов...
 libgweather-4-4.4.4-3-x86_64 downloading...
 loupe-49.1-1-x86_64 downloading...
 geocode-glib-2-3.26.4-4-x86_64 downloading...
 geocode-glib-common-3.26.4-4-x86_64 downloading...
проверка связки ключей...
проверка целостности пакета...
загрузка файлов пакетов...
проверка возможных конфликтов файлов...
проверка доступного места...
:: Обработка изменений пакета...
установка geocode-glib-common...
установка geocode-glib-2...
установка libgweather-4...
установка loupe...
:: Запуск post-transaction hooks...
(1/4) Arming ConditionNeedsUpdate...
(2/4) Compiling GSettings XML schema files...
(3/4) Updating icon theme caches...
(4/4) Updating the desktop file MIME type cache...
Sync Explicit (1): fastfetch-2.56.1-1
разрешение зависимостей...
проверка конфликтов...

Пакет (2)        Новая версия  Изменение размера  Размер загрузки

extra/yyjson     0.12.0-1               0,65 MiB         0,15 MiB
extra/fastfetch  2.56.1-1               1,58 MiB         0,50 MiB

Будет загружено:    0,65 MiB
Будет установлено:  2,23 MiB

:: Приступить к установке? [Y/n] 
:: Получение пакетов...
 fastfetch-2.56.1-1-x86_64 downloading...
 yyjson-0.12.0-1-x86_64 downloading...
проверка связки ключей...
проверка целостности пакета...
загрузка файлов пакетов...
проверка возможных конфликтов файлов...
проверка доступного места...
:: Обработка изменений пакета...
установка yyjson...
установка fastfetch...
Дополнительные зависимости для 'fastfetch'
    chafa: Image output as ascii art
    dbus: Bluetooth, Player & Media detection [установлено]
    dconf: Needed for values that are only stored in DConf + Fallback for GSettings [установлено]
    ddcutil: Brightness detection of external displays
    directx-headers: GPU detection in WSL
    glib2: Output for values that are only stored in GSettings [установлено]
    hwdata: GPU output [установлено]
    imagemagick: Image output using sixel or kitty graphics protocol [установлено]
    libdrm: Displays detection [установлено]
    libelf: st term font detection and fast path of systemd version detection [установлено]
    libpulse: Sound detection [установлено]
    libxrandr: Multi monitor support [установлено]
    ocl-icd: OpenCL module [установлено]
    python: Needed for zsh and fish completions [установлено]
    sqlite: Needed for Sqlite integration and Soar packages count [установлено]
    vulkan-icd-loader: Vulkan module & fallback for GPU output [установлено]
    zlib: Faster image output when using kitty graphics protocol [установлено]
:: Запуск post-transaction hooks...
(1/1) Arming ConditionNeedsUpdate...
Sync Explicit (1): gnome-system-monitor-49.1-1
разрешение зависимостей...
проверка конфликтов...

Пакет (2)                   Новая версия  Изменение размера  Размер загрузки

extra/libgtop               2.41.3-2               1,26 MiB         0,19 MiB
extra/gnome-system-monitor  49.1-1                 4,97 MiB         0,81 MiB

Будет загружено:    1,00 MiB
Будет установлено:  6,23 MiB

:: Приступить к установке? [Y/n] 
:: Получение пакетов...
 gnome-system-monitor-49.1-1-x86_64 downloading...
 libgtop-2.41.3-2-x86_64 downloading...
проверка связки ключей...
проверка целостности пакета...
загрузка файлов пакетов...
проверка возможных конфликтов файлов...
проверка доступного места...
:: Обработка изменений пакета...
установка libgtop...
установка gnome-system-monitor...
:: Запуск post-transaction hooks...
(1/5) Arming ConditionNeedsUpdate...
(2/5) Compiling GSettings XML schema files...
(3/5) Updating icon theme caches...
(4/5) Updating the info directory file...
(5/5) Updating the desktop file MIME type cache...
Sync Explicit (1): mousepad-0.6.5-1
разрешение зависимостей...
проверка конфликтов...

Пакет (2)             Новая версия  Изменение размера  Размер загрузки

extra/gtksourceview4  4.8.4-2                7,39 MiB         0,95 MiB
extra/mousepad        0.6.5-1                2,10 MiB         0,43 MiB

Будет загружено:    1,38 MiB
Будет установлено:  9,48 MiB

:: Приступить к установке? [Y/n] 
:: Получение пакетов...
 gtksourceview4-4.8.4-2-x86_64 downloading...
 mousepad-0.6.5-1-x86_64 downloading...
проверка связки ключей...
проверка целостности пакета...
загрузка файлов пакетов...
проверка возможных конфликтов файлов...
проверка доступного места...
:: Обработка изменений пакета...
установка gtksourceview4...
установка mousepad...
Дополнительные зависимости для 'mousepad'
    gspell: spell checking plugin [установлено]
    libxfce4ui: shortcuts editor plugin
:: Запуск post-transaction hooks...
(1/4) Arming ConditionNeedsUpdate...
(2/4) Compiling GSettings XML schema files...
(3/4) Updating icon theme caches...
(4/4) Updating the desktop file MIME type cache...
Sync Explicit (1): mpv-1:0.41.0-2
разрешение зависимостей...
проверка конфликтов...

Пакет (7)          Новая версия              Изменение размера  Размер загрузки

extra/libsixel     1.10.5-1                           0,40 MiB         0,12 MiB
extra/libxpresent  1.0.2-1                            0,03 MiB         0,02 MiB
extra/luajit       2.1.1765228720+7152e15-1           0,81 MiB         0,32 MiB
extra/mujs         1.3.8-1                            1,12 MiB         0,29 MiB
extra/openal       1.25.0-1                           2,60 MiB         0,90 MiB
extra/uchardet     0.0.8-3                            0,20 MiB         0,08 MiB
extra/mpv          1:0.41.0-2                         6,18 MiB         1,59 MiB

Будет загружено:     3,32 MiB
Будет установлено:  11,35 MiB

:: Приступить к установке? [Y/n] 
:: Получение пакетов...
 mpv-1:0.41.0-2-x86_64 downloading...
 openal-1.25.0-1-x86_64 downloading...
 luajit-2.1.1765228720+7152e15-1-x86_64 downloading...
 mujs-1.3.8-1-x86_64 downloading...
 libsixel-1.10.5-1-x86_64 downloading...
 uchardet-0.0.8-3-x86_64 downloading...
 libxpresent-1.0.2-1-x86_64 downloading...
проверка связки ключей...
проверка целостности пакета...
загрузка файлов пакетов...
проверка возможных конфликтов файлов...
проверка доступного места...
:: Обработка изменений пакета...
установка libsixel...
установка libxpresent...
установка luajit...
установка mujs...
установка openal...
Дополнительные зависимости для 'openal'
    qt6-base: alsoft-config GUI Configurator [установлено]
    fluidsynth: MIDI rendering
    libmysofa: makemhr tool
установка uchardet...
установка mpv...
Дополнительные зависимости для 'mpv'
    yt-dlp: for video-sharing websites playback
:: Запуск post-transaction hooks...
(1/3) Arming ConditionNeedsUpdate...
(2/3) Updating icon theme caches...
(3/3) Updating the desktop file MIME type cache...
Sync Explicit (1): mpv-mpris-1.1-4
разрешение зависимостей...
проверка конфликтов...

Пакет (1)        Новая версия  Изменение размера  Размер загрузки

extra/mpv-mpris  1.1-4                  0,03 MiB         0,01 MiB

Будет загружено:    0,01 MiB
Будет установлено:  0,03 MiB

:: Приступить к установке? [Y/n] 
:: Получение пакетов...
 mpv-mpris-1.1-4-x86_64 downloading...
проверка связки ключей...
проверка целостности пакета...
загрузка файлов пакетов...
проверка возможных конфликтов файлов...
проверка доступного места...
:: Обработка изменений пакета...
установка mpv-mpris...
:: Запуск post-transaction hooks...
(1/1) Arming ConditionNeedsUpdate...
Sync Explicit (1): nvtop-3.2.0-1
разрешение зависимостей...
проверка конфликтов...

Пакет (1)    Новая версия  Изменение размера  Размер загрузки

extra/nvtop  3.2.0-1                0,17 MiB         0,07 MiB

Будет загружено:    0,07 MiB
Будет установлено:  0,17 MiB

:: Приступить к установке? [Y/n] 
:: Получение пакетов...
 nvtop-3.2.0-1-x86_64 downloading...
проверка связки ключей...
проверка целостности пакета...
загрузка файлов пакетов...
проверка возможных конфликтов файлов...
проверка доступного места...
:: Обработка изменений пакета...
установка nvtop...
:: Запуск post-transaction hooks...
(1/2) Arming ConditionNeedsUpdate...
(2/2) Updating the desktop file MIME type cache...
Sync Explicit (1): nwg-look-1.0.6-1
разрешение зависимостей...
проверка конфликтов...

Пакет (2)       Новая версия  Изменение размера  Размер загрузки

extra/xcur2png  0.7.1-8                0,02 MiB         0,01 MiB
extra/nwg-look  1.0.6-1                4,35 MiB         1,23 MiB

Будет загружено:    1,24 MiB
Будет установлено:  4,37 MiB

:: Приступить к установке? [Y/n] 
:: Получение пакетов...
 nwg-look-1.0.6-1-x86_64 downloading...
 xcur2png-0.7.1-8-x86_64 downloading...
проверка связки ключей...
проверка целостности пакета...
загрузка файлов пакетов...
проверка возможных конфликтов файлов...
проверка доступного места...
:: Обработка изменений пакета...
установка xcur2png...
установка nwg-look...
:: Запуск post-transaction hooks...
(1/2) Arming ConditionNeedsUpdate...
(2/2) Updating the desktop file MIME type cache...
Sync Explicit (1): nwg-displays-0.3.26-1
разрешение зависимостей...
проверка конфликтов...

Пакет (7)                            Новая версия  Изменение размера  Размер загрузки

extra/gobject-introspection-runtime  1.86.0-1               0,15 MiB         0,03 MiB
extra/libgirepository                1.86.0-1               1,52 MiB         0,14 MiB
extra/python-gobject                 3.54.5-1               1,46 MiB         0,31 MiB
extra/python-i3ipc                   2.2.1-8                0,34 MiB         0,06 MiB
extra/python-six                     1.17.0-1               0,12 MiB         0,03 MiB
extra/python-xlib                    0.33-4                 2,04 MiB         0,28 MiB
extra/nwg-displays                   0.3.26-1               0,28 MiB         0,06 MiB

Будет загружено:    0,91 MiB
Будет установлено:  5,91 MiB

:: Приступить к установке? [Y/n] 
:: Получение пакетов...
 python-gobject-3.54.5-1-x86_64 downloading...
 python-xlib-0.33-4-any downloading...
 libgirepository-1.86.0-1-x86_64 downloading...
 python-i3ipc-2.2.1-8-any downloading...
 nwg-displays-0.3.26-1-any downloading...
 gobject-introspection-runtime-1.86.0-1-x86_64 downloading...
 python-six-1.17.0-1-any downloading...
проверка связки ключей...
проверка целостности пакета...
загрузка файлов пакетов...
проверка возможных конфликтов файлов...
проверка доступного места...
:: Обработка изменений пакета...
установка libgirepository...
установка gobject-introspection-runtime...
установка python-gobject...
Дополнительные зависимости для 'python-gobject'
    python-cairo: Cairo bindings
установка python-six...
установка python-xlib...
установка python-i3ipc...
установка nwg-displays...
:: Запуск post-transaction hooks...
(1/2) Arming ConditionNeedsUpdate...
(2/2) Updating the desktop file MIME type cache...
Sync Explicit (1): pacman-contrib-1.13.1-1
разрешение зависимостей...
проверка конфликтов...

Пакет (1)             Новая версия  Изменение размера  Размер загрузки

extra/pacman-contrib  1.13.1-1               0,13 MiB         0,05 MiB

Будет загружено:    0,05 MiB
Будет установлено:  0,13 MiB

:: Приступить к установке? [Y/n] 
:: Получение пакетов...
 pacman-contrib-1.13.1-1-x86_64 downloading...
проверка связки ключей...
проверка целостности пакета...
загрузка файлов пакетов...
проверка возможных конфликтов файлов...
проверка доступного места...
:: Обработка изменений пакета...
установка pacman-contrib...
Дополнительные зависимости для 'pacman-contrib'
    diffutils: for pacdiff [установлено]
    fakeroot: for checkupdates [установлено]
    findutils: for pacdiff --find [установлено]
    mlocate: for pacdiff --locate
    plocate: faster mlocate alternative
    perl: for pacsearch [установлено]
    sudo: privilege elevation for several scripts [установлено]
    vim: default diff program for pacdiff [установлено]
    neovim: default diff program for pacdiff if EDITOR=nvim
:: Запуск post-transaction hooks...
(1/2) Reloading system manager configuration...
(2/2) Arming ConditionNeedsUpdate...
Sync Explicit (1): qalculate-gtk-5.8.2-1
разрешение зависимостей...
проверка конфликтов...

Пакет (2)            Новая версия  Изменение размера  Размер загрузки

extra/libqalculate   5.8.2-1               15,43 MiB         2,89 MiB
extra/qalculate-gtk  5.8.2-1                6,86 MiB         2,62 MiB

Будет загружено:     5,51 MiB
Будет установлено:  22,29 MiB

:: Приступить к установке? [Y/n] 
:: Получение пакетов...
 libqalculate-5.8.2-1-x86_64 downloading...
 qalculate-gtk-5.8.2-1-x86_64 downloading...
проверка связки ключей...
проверка целостности пакета...
загрузка файлов пакетов...
проверка возможных конфликтов файлов...
проверка доступного места...
:: Обработка изменений пакета...
установка libqalculate...
Дополнительные зависимости для 'libqalculate'
    gnuplot: for plotting support
установка qalculate-gtk...
:: Запуск post-transaction hooks...
(1/3) Arming ConditionNeedsUpdate...
(2/3) Updating icon theme caches...
(3/3) Updating the desktop file MIME type cache...
Sync Explicit (1): yt-dlp-2025.12.08-1
разрешение зависимостей...
проверка конфликтов...

Пакет (2)             Новая версия  Изменение размера  Размер загрузки

extra/python-certifi  2025.11.12-1           0,01 MiB         0,01 MiB
extra/yt-dlp          2025.12.08-1          31,83 MiB         4,98 MiB

Будет загружено:     4,99 MiB
Будет установлено:  31,84 MiB

:: Приступить к установке? [Y/n] 
:: Получение пакетов...
 yt-dlp-2025.12.08-1-any downloading...
 python-certifi-2025.11.12-1-any downloading...
проверка связки ключей...
проверка целостности пакета...
загрузка файлов пакетов...
проверка возможных конфликтов файлов...
проверка доступного места...
:: Обработка изменений пакета...
установка python-certifi...
установка yt-dlp...
Дополнительные зависимости для 'yt-dlp'
    ffmpeg: for video post-processing [установлено]
    rtmpdump: for rtmp streams support
    atomicparsley: for embedding thumbnails into m4a files
    aria2: for using aria2 as external downloader
    python-mutagen: for embedding thumbnail in certain formats
    python-pycryptodome: for decrypting AES-128 HLS streams and various other data
    python-pycryptodomex: for decrypting AES-128 HLS streams and various other data
    python-websockets: for downloading over websocket
    python-brotli: brotli content encoding support
    python-brotlicffi: brotli content encoding support
    python-xattr: for writing xattr metadata
    python-pyxattr: for writing xattr metadata (alternative option)
    phantomjs: for extractors with javascript code
    python-secretstorage: For -cookies-from-browser to access the GNOME keyring while decrypting cookies of Chromium-based browsers
    yt-dlp-ejs: non-deprecated YouTube support
:: Запуск post-transaction hooks...
(1/1) Arming ConditionNeedsUpdate...
