Sync Explicit (1): hypridle-0.1.7-6
разрешение зависимостей...
проверка конфликтов...

Пакет (1)       Новая версия  Изменение размера  Размер загрузки

extra/hypridle  0.1.7-6                0,25 MiB         0,10 MiB

Будет загружено:    0,10 MiB
Будет установлено:  0,25 MiB

:: Приступить к установке? [Y/n] 
:: Получение пакетов...
 hypridle-0.1.7-6-x86_64 downloading...
проверка связки ключей...
проверка целостности пакета...
загрузка файлов пакетов...
проверка возможных конфликтов файлов...
проверка доступного места...
:: Обработка изменений пакета...
установка hypridle...
:: Запуск post-transaction hooks...
(1/2) Reloading user manager configuration...
(2/2) Arming ConditionNeedsUpdate...
Sync Explicit (1): hyprlock-0.9.2-7
разрешение зависимостей...
проверка конфликтов...

Пакет (1)       Новая версия  Изменение размера  Размер загрузки

extra/hyprlock  0.9.2-7                0,81 MiB         0,30 MiB

Будет загружено:    0,30 MiB
Будет установлено:  0,81 MiB

:: Приступить к установке? [Y/n] 
:: Получение пакетов...
 hyprlock-0.9.2-7-x86_64 downloading...
проверка связки ключей...
проверка целостности пакета...
загрузка файлов пакетов...
проверка возможных конфликтов файлов...
проверка доступного места...
:: Обработка изменений пакета...
установка hyprlock...
:: Запуск post-transaction hooks...
(1/1) Arming ConditionNeedsUpdate...
