[34m[INFO](B[m Package aylurs-gtk-shell not installed, skipping.
[34m[INFO](B[m Package dunst not installed, skipping.
[34m[INFO](B[m Package cachyos-hyprland-settings not installed, skipping.
[34m[INFO](B[m Package mako not installed, skipping.
[33m[NOTE](B[m removing rofi ...
проверка зависимостей...
:: uwsm опционально требует rofi-wayland: optional picker for uuctl support

Пакет (1)  Старая версия  Изменение размера

rofi       2.0.0-1                -1,07 MiB

Будет освобождено:  1,07 MiB

:: Удалить эти пакеты? [Y/n] 
:: Обработка изменений пакета...
удаление rofi...
:: Запуск post-transaction hooks...
(1/3) Arming ConditionNeedsUpdate...
(2/3) Updating icon theme caches...
(3/3) Updating the desktop file MIME type cache...
проверка зависимостей...
:: uwsm опционально требует rofi-wayland: optional picker for uuctl support

Пакет (1)  Старая версия  Изменение размера

rofi       2.0.0-1                -1,07 MiB

Будет освобождено:  1,07 MiB

:: Удалить эти пакеты? [Y/n] 
:: Обработка изменений пакета...
удаление rofi...
:: Запуск post-transaction hooks...
(1/3) Arming ConditionNeedsUpdate...
(2/3) Updating icon theme caches...
(3/3) Updating the desktop file MIME type cache...
[1A[K[32m[OK](B[m rofi removed.
[34m[INFO](B[m Package wallust-git not installed, skipping.
[34m[INFO](B[m Package rofi-lbonn-wayland not installed, skipping.
[34m[INFO](B[m Package rofi-lbonn-wayland-git not installed, skipping.
Sync Explicit (1): rofi-2.0.0-1
разрешение зависимостей...
проверка конфликтов...

Пакет (1)   Новая версия  Изменение размера

extra/rofi  2.0.0-1                1,07 MiB

Будет установлено:  1,07 MiB

:: Приступить к установке? [Y/n] 
проверка связки ключей...
проверка целостности пакета...
загрузка файлов пакетов...
проверка возможных конфликтов файлов...
проверка доступного места...
:: Обработка изменений пакета...
установка rofi...
:: Запуск post-transaction hooks...
(1/3) Arming ConditionNeedsUpdate...
(2/3) Updating icon theme caches...
(3/3) Updating the desktop file MIME type cache...
AUR Explicit (1): wlogout-1.2.2-0
Sync Dependency (1): gobject-introspection-1.86.0-1
Sync Make Dependency (2): meson-1.10.0-1, scdoc-1.11.4-1
:: [1mАктуальный PKGBUILD, пропуск загрузки%!(EXTRA string=wlogout)[0m
  1 wlogout                                  (файлы сборки существуют)
==> Пакеты, для которых требуется очистить кэш сборки?
==> [N]Нет [A]Все [Ab]Прервать [I]Установленные [No]Неустановленные или (1 2 3, 1-3, ^4)
==> 
  1 wlogout                                  (файлы сборки существуют)
==> Показать изменения?
==> [N]Нет [A]Все [Ab]Прервать [I]Установленные [No]Неустановленные или (1 2 3, 1-3, ^4)
==> 
==> Сборка пакета wlogout 1.2.2-0 (Вс 28 дек 2025 14:08:47)
==> Получение исходных файлов...
  -> Найден wlogout-1.2.2.tar.gz
  -> Найден wlogout-1.2.2.tar.gz.sig
==> ВНИМАНИЕ: Пропуск проверки PGP-подписей исходных файлов.
==> Проверка файлов source с использованием md5sums...
    wlogout-1.2.2.tar.gz ... Готово
    wlogout-1.2.2.tar.gz.sig ... Пропущено
:: [1m(1/1) Анализ SRCINFO: wlogout[0m
gpg: error reading key: Нет открытого ключа

 :: [1mКлючи PGP, требующие импорта:[0m
 -> F4FDB18A9937358364B276E9E25D679AF73C6D2F, требуется пакету: wlogout
:: [1mИмпортирование ключей с помощью gpg...[0m
gpg: сбой при получении с сервера ключей: Сервер указал на сбой
 -> проблема импортирования ключей
