Sync Explicit (1): quickshell-0.2.1-3
разрешение зависимостей...
проверка конфликтов...

Пакет (2)         Новая версия  Изменение размера  Размер загрузки

extra/jemalloc    1:5.3.0-5              2,18 MiB         0,40 MiB
extra/quickshell  0.2.1-3                4,48 MiB         1,23 MiB

Будет загружено:    1,63 MiB
Будет установлено:  6,66 MiB

:: Приступить к установке? [Y/n] 
:: Получение пакетов...
 quickshell-0.2.1-3-x86_64 downloading...
 jemalloc-1:5.3.0-5-x86_64 downloading...
проверка связки ключей...
проверка целостности пакета...
загрузка файлов пакетов...
проверка возможных конфликтов файлов...
проверка доступного места...
:: Обработка изменений пакета...
установка jemalloc...
Дополнительные зависимости для 'jemalloc'
    perl: for jeprof [установлено]
установка quickshell...
:: Запуск post-transaction hooks...
(1/3) Arming ConditionNeedsUpdate...
(2/3) Updating icon theme caches...
(3/3) Updating the desktop file MIME type cache...
