Sync Explicit (1): xdg-desktop-portal-gtk-1.15.3-1
разрешение зависимостей...
проверка конфликтов...

Пакет (1)                     Новая версия  Изменение размера  Размер загрузки

extra/xdg-desktop-portal-gtk  1.15.3-1               0,42 MiB         0,10 MiB

Будет загружено:    0,10 MiB
Будет установлено:  0,42 MiB

:: Приступить к установке? [Y/n] 
:: Получение пакетов...
 xdg-desktop-portal-gtk-1.15.3-1-x86_64 downloading...
проверка связки ключей...
проверка целостности пакета...
загрузка файлов пакетов...
проверка возможных конфликтов файлов...
проверка доступного места...
:: Обработка изменений пакета...
установка xdg-desktop-portal-gtk...
Дополнительные зависимости для 'xdg-desktop-portal-gtk'
    evince: Print preview
:: Запуск post-transaction hooks...
(1/3) Reloading user manager configuration...
(2/3) Arming ConditionNeedsUpdate...
(3/3) Updating the desktop file MIME type cache...
Sync Explicit (1): umockdev-0.19.1-1
разрешение зависимостей...
проверка конфликтов...

Пакет (1)       Новая версия  Изменение размера  Размер загрузки

extra/umockdev  0.19.1-1               0,63 MiB         0,14 MiB

Будет загружено:    0,14 MiB
Будет установлено:  0,63 MiB

:: Приступить к установке? [Y/n] 
:: Получение пакетов...
 umockdev-0.19.1-1-x86_64 downloading...
проверка связки ключей...
проверка целостности пакета...
загрузка файлов пакетов...
проверка возможных конфликтов файлов...
проверка доступного места...
:: Обработка изменений пакета...
установка umockdev...
:: Запуск post-transaction hooks...
(1/1) Arming ConditionNeedsUpdate...
