Failed to disable unit: Unit pulseaudio.socket does not exist
Sync Explicit (1): wireplumber-0.5.12-1
разрешение зависимостей...
проверка конфликтов...

Пакет (1)          Новая версия  Изменение размера  Размер загрузки

extra/wireplumber  0.5.12-1               1,09 MiB         0,26 MiB

Будет загружено:    0,26 MiB
Будет установлено:  1,09 MiB

:: Приступить к установке? [Y/n] 
:: Получение пакетов...
 wireplumber-0.5.12-1-x86_64 downloading...
проверка связки ключей...
проверка целостности пакета...
загрузка файлов пакетов...
проверка возможных конфликтов файлов...
проверка доступного места...
:: Обработка изменений пакета...
установка wireplumber...
Created symlink '/etc/systemd/user/pipewire-session-manager.service' → '/usr/lib/systemd/user/wireplumber.service'.
Created symlink '/etc/systemd/user/pipewire.service.wants/wireplumber.service' → '/usr/lib/systemd/user/wireplumber.service'.
Дополнительные зависимости для 'wireplumber'
    wireplumber-docs: Documentation
:: Запуск post-transaction hooks...
(1/2) Reloading user manager configuration...
(2/2) Arming ConditionNeedsUpdate...
Sync Explicit (1): pipewire-audio-1:1.4.9-2
разрешение зависимостей...
проверка конфликтов...

Пакет (16)                       Новая версия  Изменение размера  Размер загрузки

extra/alsa-card-profiles         1:1.4.9-2              0,19 MiB         0,03 MiB
extra/libebur128                 1.2.6-2                0,05 MiB         0,02 MiB
extra/libfdk-aac                 2.0.3-1                1,44 MiB         0,68 MiB
extra/libfreeaptx                0.2.2-1                0,06 MiB         0,02 MiB
extra/liblc3                     1.1.3-1                0,27 MiB         0,11 MiB
extra/libldac                    2.0.2.3-2              0,09 MiB         0,03 MiB
extra/libmysofa                  1.3.3-1                1,26 MiB         1,11 MiB
extra/lilv                       0.26.2-1               0,27 MiB         0,08 MiB
extra/lv2                        1.18.10-2              0,98 MiB         0,15 MiB
extra/sbc                        2.1-1                  0,21 MiB         0,05 MiB
extra/serd                       0.32.6-1               0,16 MiB         0,06 MiB
extra/sord                       0.16.20-1              0,12 MiB         0,04 MiB
extra/sratom                     0.6.20-1               0,05 MiB         0,02 MiB
extra/webrtc-audio-processing-1  1.3-5                  1,46 MiB         0,52 MiB
extra/zix                        0.8.0-1                0,13 MiB         0,04 MiB
extra/pipewire-audio             1:1.4.9-2              5,91 MiB         1,55 MiB

Будет загружено:     4,51 MiB
Будет установлено:  12,63 MiB

:: Приступить к установке? [Y/n] 
:: Получение пакетов...
 pipewire-audio-1:1.4.9-2-x86_64 downloading...
 libmysofa-1.3.3-1-x86_64 downloading...
 libfdk-aac-2.0.3-1-x86_64 downloading...
 webrtc-audio-processing-1-1.3-5-x86_64 downloading...
 lv2-1.18.10-2-x86_64 downloading...
 liblc3-1.1.3-1-x86_64 downloading...
 lilv-0.26.2-1-x86_64 downloading...
 serd-0.32.6-1-x86_64 downloading...
 sbc-2.1-1-x86_64 downloading...
 zix-0.8.0-1-x86_64 downloading...
 sord-0.16.20-1-x86_64 downloading...
 libldac-2.0.2.3-2-x86_64 downloading...
 alsa-card-profiles-1:1.4.9-2-x86_64 downloading...
 sratom-0.6.20-1-x86_64 downloading...
 libfreeaptx-0.2.2-1-x86_64 downloading...
 libebur128-1.2.6-2-x86_64 downloading...
проверка связки ключей...
проверка целостности пакета...
загрузка файлов пакетов...
проверка возможных конфликтов файлов...
проверка доступного места...
:: Обработка изменений пакета...
установка alsa-card-profiles...
установка libebur128...
установка libfdk-aac...
установка libfreeaptx...
установка liblc3...
Дополнительные зависимости для 'liblc3'
    python: Python bindings [установлено]
установка libldac...
установка libmysofa...
установка serd...
Дополнительные зависимости для 'serd'
    serd-docs: for developer documentation
установка zix...
Дополнительные зависимости для 'zix'
    zix-docs: for developer documentation
установка sord...
Дополнительные зависимости для 'sord'
    sord-docs: for developer documentation
установка lv2...
Дополнительные зависимости для 'lv2'
    lv2-docs: for developer documentation
    lv2-example-plugins: for example plugins
    python-lxml: for lv2specgen.py [установлено]
    python-markdown: for lv2specgen.py
    python-pygments: for lv2specgen.py
    python-rdflib: for lv2specgen.py
    sord: for lv2_validate [установлено]
установка sratom...
Дополнительные зависимости для 'sratom'
    sratom-docs: for developer documentation
установка lilv...
Дополнительные зависимости для 'lilv'
    libsndfile: for lv2apply [установлено]
    lilv-docs: for documentation
    python-lilv: for Python bindings
установка sbc...
установка webrtc-audio-processing-1...
установка pipewire-audio...
:: Запуск post-transaction hooks...
(1/3) Reloading user manager configuration...
(2/3) Reloading device manager configuration...
(3/3) Arming ConditionNeedsUpdate...
Sync Explicit (1): pipewire-alsa-1:1.4.9-2
разрешение зависимостей...
проверка конфликтов...

Пакет (1)            Новая версия  Изменение размера  Размер загрузки

extra/pipewire-alsa  1:1.4.9-2              0,00 MiB         0,00 MiB

Будет загружено:    0,00 MiB
Будет установлено:  0,00 MiB

:: Приступить к установке? [Y/n] 
:: Получение пакетов...
 pipewire-alsa-1:1.4.9-2-x86_64 downloading...
проверка связки ключей...
проверка целостности пакета...
загрузка файлов пакетов...
проверка возможных конфликтов файлов...
проверка доступного места...
:: Обработка изменений пакета...
установка pipewire-alsa...
:: Запуск post-transaction hooks...
(1/1) Arming ConditionNeedsUpdate...
Sync Explicit (1): pipewire-pulse-1:1.4.9-2
разрешение зависимостей...
проверка конфликтов...

Пакет (1)             Новая версия  Изменение размера  Размер загрузки

extra/pipewire-pulse  1:1.4.9-2              0,50 MiB         0,20 MiB

Будет загружено:    0,20 MiB
Будет установлено:  0,50 MiB

:: Приступить к установке? [Y/n] 
:: Получение пакетов...
 pipewire-pulse-1:1.4.9-2-x86_64 downloading...
проверка связки ключей...
проверка целостности пакета...
загрузка файлов пакетов...
проверка возможных конфликтов файлов...
проверка доступного места...
:: Обработка изменений пакета...
установка pipewire-pulse...
Created symlink '/etc/systemd/user/sockets.target.wants/pipewire-pulse.socket' → '/usr/lib/systemd/user/pipewire-pulse.socket'.
:: Запуск post-transaction hooks...
(1/3) Reloading user manager configuration...
(2/3) Arming ConditionNeedsUpdate...
(3/3) Compiling GSettings XML schema files...
Sync Explicit (1): sof-firmware-2025.12-1
разрешение зависимостей...
проверка конфликтов...

Пакет (1)           Новая версия  Изменение размера  Размер загрузки

extra/sof-firmware  2025.12-1             41,64 MiB         1,64 MiB

Будет загружено:     1,64 MiB
Будет установлено:  41,64 MiB

:: Приступить к установке? [Y/n] 
:: Получение пакетов...
 sof-firmware-2025.12-1-x86_64 downloading...
проверка связки ключей...
проверка целостности пакета...
загрузка файлов пакетов...
проверка возможных конфликтов файлов...
проверка доступного места...
:: Обработка изменений пакета...
установка sof-firmware...
:: Запуск post-transaction hooks...
(1/2) Arming ConditionNeedsUpdate...
(2/2) Updating linux initcpios...
==> Building image from preset: /etc/mkinitcpio.d/linux.preset: 'default'
==> Using default configuration file: '/etc/mkinitcpio.conf'
  -> -k /boot/vmlinuz-linux -g /boot/initramfs-linux.img
/etc/mkinitcpio.conf: строка 82: неожиданный конец файла во время поиска «"»
==> ERROR: Failed to read configuration '/etc/mkinitcpio.conf'
ошибка: не удалось корректно выполнить команду
Created symlink '/home/sudo/.config/systemd/user/sockets.target.wants/pipewire.socket' → '/usr/lib/systemd/user/pipewire.socket'.
Created symlink '/home/sudo/.config/systemd/user/sockets.target.wants/pipewire-pulse.socket' → '/usr/lib/systemd/user/pipewire-pulse.socket'.
Created symlink '/home/sudo/.config/systemd/user/pipewire-session-manager.service' → '/usr/lib/systemd/user/wireplumber.service'.
Created symlink '/home/sudo/.config/systemd/user/pipewire.service.wants/wireplumber.service' → '/usr/lib/systemd/user/wireplumber.service'.
Created symlink '/home/sudo/.config/systemd/user/default.target.wants/pipewire.service' → '/usr/lib/systemd/user/pipewire.service'.

[32m[OK](B[m Pipewire Installation and services setup complete!
